2025-01-17 14:07:08,918 - INFO - Starting data cleaning process
2025-01-17 14:07:08,918 - INFO - Loading data from file: /home/ubuntu/Project_DE/Project-Data_Collection_and_Storage_System/src/../data/raw/jobs_data_with_details.csv
2025-01-17 14:07:08,918 - INFO - Loading data from /home/ubuntu/Project_DE/Project-Data_Collection_and_Storage_System/src/../data/raw/jobs_data_with_details.csv
2025-01-17 14:07:08,952 - INFO - Handling missing data
2025-01-17 14:07:08,952 - INFO - Dropping rows with missing 'Job ID'
2025-01-17 14:07:09,024 - INFO - Dropped rows with missing 'Job ID': 4974 rows remaining
2025-01-17 14:07:09,025 - INFO - Dropping column 'Hiring Location' if it exists
2025-01-17 14:07:09,028 - INFO - 'Hiring Location' column dropped (if present)
2025-01-17 14:07:09,028 - INFO - Filling missing values in column 'Salary' with 'Not Disclosed'
2025-01-17 14:07:09,030 - INFO - Missing 'Salary' values filled with 'Not Disclosed'
2025-01-17 14:07:09,030 - INFO - Filling missing values in column 'Qualification' with 'Any Graduate'
2025-01-17 14:07:09,031 - INFO - Missing 'Qualification' values filled with 'Any Graduate'
2025-01-17 14:07:09,031 - INFO - Filling missing values in column 'Vacancies' with '1'
2025-01-17 14:07:09,032 - INFO - Missing 'Vacancies' values filled with 1
2025-01-17 14:07:09,032 - INFO - Cleaning and normalizing data
2025-01-17 14:07:09,032 - INFO - Cleaning column 'Qualification'
2025-01-17 14:07:09,041 - INFO - 'Qualification' column cleaned and normalized
2025-01-17 14:07:09,041 - INFO - Cleaning column 'Title'
2025-01-17 14:07:09,056 - INFO - 'Title' column cleaned and normalized
2025-01-17 14:07:09,057 - INFO - Cleaning column 'Company Name'
2025-01-17 14:07:09,067 - INFO - 'Company Name' column cleaned and normalized
2025-01-17 14:07:09,067 - INFO - Cleaning 'Job ID' column
2025-01-17 14:07:09,073 - INFO - 'Job ID' column cleaned
2025-01-17 14:07:09,073 - INFO - Cleaning 'Experience' column
2025-01-17 14:07:09,081 - INFO - 'Experience' column cleaned
2025-01-17 14:07:09,082 - INFO - Fetching additional data from job links
2025-01-17 14:07:09,083 - INFO - Fetching data from link: https://www.timesjobs.com/job-detail/specialist-package-implementation-ltimindtree-bengaluru-bangalore-5-to-8-yrs-jobid-9S__PLUS__gL4ikaVBzpSvf__PLUS__uAgZw==
2025-01-17 14:07:09,083 - INFO - Fetching data from link: https://www.timesjobs.com/job-detail/senior-consultant-package-implementation-ltimindtree-bengaluru-bangalore-6-to-12-yrs-jobid-sqZbg__PLUS__Qi0s9zpSvf__PLUS__uAgZw==
2025-01-17 14:07:09,086 - INFO - Fetching data from link: https://www.timesjobs.com/job-detail/it-technician-sameer-namdep-kedari-delhi-lakshdweep-pondicherry-puducherry-adilabad-anantapur-3-to-8-yrs-jobid-NZwXTvIQXXtzpSvf__PLUS__uAgZw==
2025-01-17 14:07:09,087 - INFO - Fetching data from link: https://www.timesjobs.com/job-detail/specialist-quality-engineering-ltimindtree-bengaluru-bangalore-3-to-6-yrs-jobid-uOzyDiqrLidzpSvf__PLUS__uAgZw==
2025-01-17 14:07:09,088 - INFO - Fetching data from link: https://www.timesjobs.com/job-detail/product-owner-senior-manager-program-project-management-ltimindtree-gurgaon-8-to-12-yrs-jobid-S8U0CdgYIhhzpSvf__PLUS__uAgZw==
2025-01-17 14:07:09,089 - INFO - Fetching data from link: https://www.timesjobs.com/job-detail/product-owner-talpro-india-private-limited-bengaluru-bangalore-5-to-15-yrs-jobid-CUcBQe63dG9zpSvf__PLUS__uAgZw==
2025-01-17 14:07:09,825 - INFO - Data fetched from https://www.timesjobs.com/job-detail/it-technician-sameer-namdep-kedari-delhi-lakshdweep-pondicherry-puducherry-adilabad-anantapur-3-to-8-yrs-jobid-NZwXTvIQXXtzpSvf__PLUS__uAgZw==: Good interpersonal skills.
2025-01-17 14:07:09,837 - INFO - Fetching data from link: https://www.timesjobs.com/job-detail/net-full-stack-developer-talpro-india-private-limited-bengaluru-bangalore-5-to-15-yrs-jobid-EmlAGL__SLASH__Yg7NzpSvf__PLUS__uAgZw==
2025-01-17 14:07:09,849 - INFO - Data fetched from https://www.timesjobs.com/job-detail/specialist-package-implementation-ltimindtree-bengaluru-bangalore-5-to-8-yrs-jobid-9S__PLUS__gL4ikaVBzpSvf__PLUS__uAgZw==: Mandatory Skills : SAP TESTING
2025-01-17 14:07:09,849 - INFO - Fetching data from link: https://www.timesjobs.com/job-detail/ruby-on-rails-trainer-freelance-bringle-academy-mumbai-0-to-3-yrs-jobid-YgTQpB3GGOdzpSvf__PLUS__uAgZw==
2025-01-17 14:07:09,872 - INFO - Data fetched from https://www.timesjobs.com/job-detail/specialist-quality-engineering-ltimindtree-bengaluru-bangalore-3-to-6-yrs-jobid-uOzyDiqrLidzpSvf__PLUS__uAgZw==: Mandatory Skills : Performance Testing -NFR Gathering (LogGood to Have Skills : Performance Testing- Performance Engineering
2025-01-17 14:07:09,892 - INFO - Data fetched from https://www.timesjobs.com/job-detail/senior-consultant-package-implementation-ltimindtree-bengaluru-bangalore-6-to-12-yrs-jobid-sqZbg__PLUS__Qi0s9zpSvf__PLUS__uAgZw==: Mandatory Skills : SOLMAN ALM
2025-01-17 14:07:10,442 - INFO - Data fetched from https://www.timesjobs.com/job-detail/product-owner-senior-manager-program-project-management-ltimindtree-gurgaon-8-to-12-yrs-jobid-S8U0CdgYIhhzpSvf__PLUS__uAgZw==: Product Manager Data Analytics Disputes or card services Banking domain
2025-01-17 14:07:10,679 - INFO - Data fetched from https://www.timesjobs.com/job-detail/product-owner-talpro-india-private-limited-bengaluru-bangalore-5-to-15-yrs-jobid-CUcBQe63dG9zpSvf__PLUS__uAgZw==: Proficient in using Jira and Confluence for project management and collaboration.
2025-01-17 14:07:12,785 - INFO - Data fetched from https://www.timesjobs.com/job-detail/net-full-stack-developer-talpro-india-private-limited-bengaluru-bangalore-5-to-15-yrs-jobid-EmlAGL__SLASH__Yg7NzpSvf__PLUS__uAgZw==: .Net Core React or Angular Web API Any Cloud (GCP/Azure/ AWS)
2025-01-17 14:07:12,896 - INFO - Data fetched from https://www.timesjobs.com/job-detail/ruby-on-rails-trainer-freelance-bringle-academy-mumbai-0-to-3-yrs-jobid-YgTQpB3GGOdzpSvf__PLUS__uAgZw==: Description Develop all training
2025-01-17 14:07:12,898 - INFO - Fetched missing 'Skills' data from job links
2025-01-17 14:07:12,899 - INFO - Fetching data from link: https://www.timesjobs.com/job-detail/software-engineer-job-in-malta-world-wide-immigration-service-llp-5-to-10-yrs-jobid-2DyQ__PLUS__5WgDNRzpSvf__PLUS__uAgZw==
2025-01-17 14:07:12,900 - INFO - Fetching data from link: https://www.timesjobs.com/job-detail/qa-qc-engineer-job-in-malta-world-wide-immigration-service-llp-5-to-10-yrs-jobid-knYsPspa7nBzpSvf__PLUS__uAgZw==
2025-01-17 14:07:12,901 - INFO - Fetching data from link: https://www.timesjobs.com/job-detail/qa-qc-engineer-job-in-united-kingdom-not-for-india-world-wide-immigration-service-llp-5-to-10-yrs-jobid-zSVmz7Ks2kVzpSvf__PLUS__uAgZw==
2025-01-17 14:07:12,903 - INFO - Fetching data from link: https://www.timesjobs.com/job-detail/software-engineer-job-in-united-kingdom-not-for-india-world-wide-immigration-service-llp-5-to-10-yrs-jobid-YxKgjSbCcSpzpSvf__PLUS__uAgZw==
2025-01-17 14:07:12,903 - INFO - Fetching data from link: https://www.timesjobs.com/job-detail/civil-engineer-sunil-2-to-7-yrs-jobid-kFERpfQxARtzpSvf__PLUS__uAgZw==
2025-01-17 14:07:12,905 - INFO - Fetching data from link: https://www.timesjobs.com/job-detail/qa-qc-engineer-job-in-luxembourg-world-wide-immigration-service-llp-2-to-7-yrs-jobid-ppseFs3Vi1NzpSvf__PLUS__uAgZw==
2025-01-17 14:07:13,755 - INFO - Data fetched from https://www.timesjobs.com/job-detail/qa-qc-engineer-job-in-malta-world-wide-immigration-service-llp-5-to-10-yrs-jobid-knYsPspa7nBzpSvf__PLUS__uAgZw==: Malta (Malta)
2025-01-17 14:07:13,755 - INFO - Fetching data from link: https://www.timesjobs.com/job-detail/qa-qc-engineer-job-in-malta-world-wide-immigration-service-llp-5-to-10-yrs-jobid-9dEYSp51PKVzpSvf__PLUS__uAgZw==
2025-01-17 14:07:13,887 - INFO - Data fetched from https://www.timesjobs.com/job-detail/software-engineer-job-in-united-kingdom-not-for-india-world-wide-immigration-service-llp-5-to-10-yrs-jobid-YxKgjSbCcSpzpSvf__PLUS__uAgZw==: United Kingdom (UK) (United Kingdom (uk))
2025-01-17 14:07:13,887 - INFO - Fetching data from link: https://www.timesjobs.com/job-detail/php-developer-job-in-usa-primex-immigration-llp-5-to-10-yrs-jobid-__SLASH____PLUS__b6mL24OK1zpSvf__PLUS__uAgZw==
2025-01-17 14:07:13,893 - INFO - Data fetched from https://www.timesjobs.com/job-detail/software-engineer-job-in-malta-world-wide-immigration-service-llp-5-to-10-yrs-jobid-2DyQ__PLUS__5WgDNRzpSvf__PLUS__uAgZw==: Malta (Malta)
2025-01-17 14:07:13,909 - INFO - Fetching data from link: https://www.timesjobs.com/job-detail/qa-qc-engineer-job-in-luxembourg-world-wide-immigration-service-llp-5-to-10-yrs-jobid-__PLUS__KYAv0wLF7xzpSvf__PLUS__uAgZw==
2025-01-17 14:07:13,910 - INFO - Data fetched from https://www.timesjobs.com/job-detail/qa-qc-engineer-job-in-luxembourg-world-wide-immigration-service-llp-2-to-7-yrs-jobid-ppseFs3Vi1NzpSvf__PLUS__uAgZw==: Luxembourg (Luxembourg)
2025-01-17 14:07:13,917 - INFO - Fetching data from link: https://www.timesjobs.com/job-detail/web-designer-job-in-malta-primex-immigration-llp-3-to-8-yrs-jobid-h2gJhfzpgidzpSvf__PLUS__uAgZw==
2025-01-17 14:07:13,929 - INFO - Data fetched from https://www.timesjobs.com/job-detail/civil-engineer-sunil-2-to-7-yrs-jobid-kFERpfQxARtzpSvf__PLUS__uAgZw==: El Salvador (El Salvador), Ethiopia (Ethiopia), Russia (Russia), United Arab Emirates (UAE) (United Arab Emirates (uae)), Bahamas (Bahamas)
2025-01-17 14:07:13,936 - INFO - Fetching data from link: https://www.timesjobs.com/job-detail/software-engineer-job-in-malta-world-wide-immigration-service-llp-5-to-10-yrs-jobid-3fN__SLASH__vy8dqEBzpSvf__PLUS__uAgZw==
2025-01-17 14:07:13,968 - INFO - Data fetched from https://www.timesjobs.com/job-detail/qa-qc-engineer-job-in-united-kingdom-not-for-india-world-wide-immigration-service-llp-5-to-10-yrs-jobid-zSVmz7Ks2kVzpSvf__PLUS__uAgZw==: United Kingdom (UK) (United Kingdom (uk))
2025-01-17 14:07:13,968 - INFO - Fetching data from link: https://www.timesjobs.com/job-detail/it-software-engineer-job-in-malta-primex-immigration-llp-4-to-8-yrs-jobid-CdpP27__PLUS__tlCdzpSvf__PLUS__uAgZw==
2025-01-17 14:07:15,799 - INFO - Data fetched from https://www.timesjobs.com/job-detail/qa-qc-engineer-job-in-malta-world-wide-immigration-service-llp-5-to-10-yrs-jobid-9dEYSp51PKVzpSvf__PLUS__uAgZw==: Malta (Malta)
2025-01-17 14:07:15,800 - INFO - Fetching data from link: https://www.timesjobs.com/job-detail/software-engineer-job-in-uae-world-wide-immigration-service-llp-3-to-8-yrs-jobid-zvNCRw9T601zpSvf__PLUS__uAgZw==
2025-01-17 14:07:16,095 - INFO - Data fetched from https://www.timesjobs.com/job-detail/software-engineer-job-in-malta-world-wide-immigration-service-llp-5-to-10-yrs-jobid-3fN__SLASH__vy8dqEBzpSvf__PLUS__uAgZw==: Malta (Malta)
2025-01-17 14:07:16,099 - INFO - Fetching data from link: https://www.timesjobs.com/job-detail/it-supervisor-a-reputed-company-2-to-7-yrs-jobid-c__PLUS__2si1KFWjZzpSvf__PLUS__uAgZw==
2025-01-17 14:07:16,099 - INFO - Data fetched from https://www.timesjobs.com/job-detail/it-software-engineer-job-in-malta-primex-immigration-llp-4-to-8-yrs-jobid-CdpP27__PLUS__tlCdzpSvf__PLUS__uAgZw==: Malta (Malta)
2025-01-17 14:07:16,101 - INFO - Fetching data from link: https://www.timesjobs.com/job-detail/php-developer-job-in-malta-primex-immigration-llp-3-to-8-yrs-jobid-yu__PLUS__RubdDw3lzpSvf__PLUS__uAgZw==
2025-01-17 14:07:16,264 - INFO - Data fetched from https://www.timesjobs.com/job-detail/php-developer-job-in-usa-primex-immigration-llp-5-to-10-yrs-jobid-__SLASH____PLUS__b6mL24OK1zpSvf__PLUS__uAgZw==: United States of America (USA) (United States Of America (usa))
2025-01-17 14:07:16,265 - INFO - Fetching data from link: https://www.timesjobs.com/job-detail/ux-ui-designer-job-in-poland-exotic-expert-solutions-llp-4-to-8-yrs-jobid-F5gsMhrfvGdzpSvf__PLUS__uAgZw==
2025-01-17 14:07:16,584 - INFO - Data fetched from https://www.timesjobs.com/job-detail/qa-qc-engineer-job-in-luxembourg-world-wide-immigration-service-llp-5-to-10-yrs-jobid-__PLUS__KYAv0wLF7xzpSvf__PLUS__uAgZw==: Luxembourg (Luxembourg)
2025-01-17 14:07:16,587 - INFO - Fetching data from link: https://www.timesjobs.com/job-detail/software-engineer-job-in-uae-primex-immigration-llp-5-to-10-yrs-jobid-uWzuP8j39s1zpSvf__PLUS__uAgZw==
2025-01-17 14:07:16,652 - INFO - Data fetched from https://www.timesjobs.com/job-detail/web-designer-job-in-malta-primex-immigration-llp-3-to-8-yrs-jobid-h2gJhfzpgidzpSvf__PLUS__uAgZw==: Malta (Malta)
2025-01-17 14:07:16,654 - INFO - Fetching data from link: https://www.timesjobs.com/job-detail/software-engineer-job-in-uae-adal-immigrations-llp-3-to-8-yrs-jobid-tEwaC6FRc0NzpSvf__PLUS__uAgZw==
2025-01-17 14:07:16,943 - INFO - Data fetched from https://www.timesjobs.com/job-detail/php-developer-job-in-malta-primex-immigration-llp-3-to-8-yrs-jobid-yu__PLUS__RubdDw3lzpSvf__PLUS__uAgZw==: Malta (Malta)
2025-01-17 14:07:16,943 - INFO - Fetching data from link: https://www.timesjobs.com/job-detail/php-developer-job-in-poland-primex-immigration-llp-5-to-10-yrs-jobid-6v2__SLASH__P5D0AGtzpSvf__PLUS__uAgZw==
2025-01-17 14:07:16,993 - INFO - Data fetched from https://www.timesjobs.com/job-detail/software-engineer-job-in-uae-primex-immigration-llp-5-to-10-yrs-jobid-uWzuP8j39s1zpSvf__PLUS__uAgZw==: United Arab Emirates (UAE) (United Arab Emirates (uae))
2025-01-17 14:07:16,994 - INFO - Fetching data from link: https://www.timesjobs.com/job-detail/erp-software-engineer-software-developer-exponentjobs-5-to-9-yrs-jobid-0FIT3MUwWcNzpSvf__PLUS__uAgZw==
2025-01-17 14:07:17,140 - INFO - Data fetched from https://www.timesjobs.com/job-detail/it-supervisor-a-reputed-company-2-to-7-yrs-jobid-c__PLUS__2si1KFWjZzpSvf__PLUS__uAgZw==: United Arab Emirates (UAE) (United Arab Emirates (uae))
2025-01-17 14:07:17,140 - INFO - Fetching data from link: https://www.timesjobs.com/job-detail/php-developer-job-in-malta-primex-immigration-llp-8-to-13-yrs-jobid-VxlsnZ0pEHNzpSvf__PLUS__uAgZw==
2025-01-17 14:07:17,176 - INFO - Data fetched from https://www.timesjobs.com/job-detail/ux-ui-designer-job-in-poland-exotic-expert-solutions-llp-4-to-8-yrs-jobid-F5gsMhrfvGdzpSvf__PLUS__uAgZw==: Poland (Poland)
2025-01-17 14:07:17,176 - INFO - Fetching data from link: https://www.timesjobs.com/job-detail/network-engineer-job-in-uae-primex-immigration-llp-3-to-8-yrs-jobid-FuhumAwmSQNzpSvf__PLUS__uAgZw==
2025-01-17 14:07:17,247 - INFO - Data fetched from https://www.timesjobs.com/job-detail/software-engineer-job-in-uae-adal-immigrations-llp-3-to-8-yrs-jobid-tEwaC6FRc0NzpSvf__PLUS__uAgZw==: United Arab Emirates (UAE) (United Arab Emirates (uae))
2025-01-17 14:07:17,248 - INFO - Fetching data from link: https://www.timesjobs.com/job-detail/php-developer-job-in-uae-primex-immigration-llp-3-to-8-yrs-jobid-h1bggpnevRdzpSvf__PLUS__uAgZw==
2025-01-17 14:07:17,256 - INFO - Data fetched from https://www.timesjobs.com/job-detail/software-engineer-job-in-uae-world-wide-immigration-service-llp-3-to-8-yrs-jobid-zvNCRw9T601zpSvf__PLUS__uAgZw==: United Arab Emirates (UAE) (United Arab Emirates (uae))
2025-01-17 14:07:17,257 - INFO - Fetching data from link: https://www.timesjobs.com/job-detail/php-developer-job-in-uae-primex-immigration-llp-4-to-8-yrs-jobid-x9OBEcSkY7NzpSvf__PLUS__uAgZw==
2025-01-17 14:07:17,504 - INFO - Data fetched from https://www.timesjobs.com/job-detail/php-developer-job-in-poland-primex-immigration-llp-5-to-10-yrs-jobid-6v2__SLASH__P5D0AGtzpSvf__PLUS__uAgZw==: Poland (Poland)
2025-01-17 14:07:17,504 - INFO - Fetching data from link: https://www.timesjobs.com/job-detail/web-designer-required-in-united-kingdom-primex-immigration-llp-5-to-10-yrs-jobid-mo6sQdvO1RBzpSvf__PLUS__uAgZw==
2025-01-17 14:07:17,569 - INFO - Data fetched from https://www.timesjobs.com/job-detail/network-engineer-job-in-uae-primex-immigration-llp-3-to-8-yrs-jobid-FuhumAwmSQNzpSvf__PLUS__uAgZw==: United Arab Emirates (UAE) (United Arab Emirates (uae))
2025-01-17 14:07:17,569 - INFO - Fetching data from link: https://www.timesjobs.com/job-detail/software-engineer-job-in-usa-world-wide-immigration-service-llp-5-to-10-yrs-jobid-cHL4g07B251zpSvf__PLUS__uAgZw==
2025-01-17 14:07:17,718 - INFO - Data fetched from https://www.timesjobs.com/job-detail/php-developer-job-in-malta-primex-immigration-llp-8-to-13-yrs-jobid-VxlsnZ0pEHNzpSvf__PLUS__uAgZw==: Malta (Malta)
2025-01-17 14:07:17,733 - INFO - Fetching data from link: https://www.timesjobs.com/job-detail/php-developer-required-in-united-kingdom-primex-immigration-llp-5-to-10-yrs-jobid-TY9XSXLtIgJzpSvf__PLUS__uAgZw==
2025-01-17 14:07:17,740 - INFO - Data fetched from https://www.timesjobs.com/job-detail/php-developer-job-in-uae-primex-immigration-llp-4-to-8-yrs-jobid-x9OBEcSkY7NzpSvf__PLUS__uAgZw==: United Arab Emirates (UAE) (United Arab Emirates (uae))
2025-01-17 14:07:17,742 - INFO - Fetching data from link: https://www.timesjobs.com/job-detail/network-engineer-required-in-malta-primex-immigration-llp-8-to-13-yrs-jobid-tsnclDmaONNzpSvf__PLUS__uAgZw==
2025-01-17 14:07:17,794 - INFO - Data fetched from https://www.timesjobs.com/job-detail/erp-software-engineer-software-developer-exponentjobs-5-to-9-yrs-jobid-0FIT3MUwWcNzpSvf__PLUS__uAgZw==: Central African Republic (CAR) (Central African Republic (car)), Republic of the Congo (Republic Of The Congo), INTERNATIONAL (International)
2025-01-17 14:07:17,795 - INFO - Fetching data from link: https://www.timesjobs.com/job-detail/ux-ui-designer-job-in-united-kingdom-exotic-expert-solutions-llp-3-to-8-yrs-jobid-tszjTOF4mg5zpSvf__PLUS__uAgZw==
2025-01-17 14:07:17,827 - INFO - Data fetched from https://www.timesjobs.com/job-detail/php-developer-job-in-uae-primex-immigration-llp-3-to-8-yrs-jobid-h1bggpnevRdzpSvf__PLUS__uAgZw==: United Arab Emirates (UAE) (United Arab Emirates (uae))
2025-01-17 14:07:17,827 - INFO - Fetching data from link: https://www.timesjobs.com/job-detail/analista-de-preo-tcnico-de-planos-de-servios-volvo-group-india-pvt-ltd-5-to-8-yrs-jobid-QtFYxfOGcFhzpSvf__PLUS__uAgZw==
2025-01-17 14:07:18,112 - INFO - Data fetched from https://www.timesjobs.com/job-detail/software-engineer-job-in-usa-world-wide-immigration-service-llp-5-to-10-yrs-jobid-cHL4g07B251zpSvf__PLUS__uAgZw==: United States of America (USA) (United States Of America (usa))
2025-01-17 14:07:18,113 - INFO - Fetching data from link: https://www.timesjobs.com/job-detail/analista-de-preo-tcnico-de-planos-de-servios-volvo-group-india-pvt-ltd-5-to-8-yrs-jobid-6o0rRGMREs9zpSvf__PLUS__uAgZw==
2025-01-17 14:07:18,151 - INFO - Data fetched from https://www.timesjobs.com/job-detail/web-designer-required-in-united-kingdom-primex-immigration-llp-5-to-10-yrs-jobid-mo6sQdvO1RBzpSvf__PLUS__uAgZw==: United Kingdom (UK) (United Kingdom (uk))
2025-01-17 14:07:18,151 - INFO - Fetching data from link: https://www.timesjobs.com/job-detail/analista-de-preo-tcnico-de-planos-de-servios-volvo-group-india-pvt-ltd-5-to-8-yrs-jobid-Lf1zZ0B2XftzpSvf__PLUS__uAgZw==
2025-01-17 14:07:18,270 - INFO - Data fetched from https://www.timesjobs.com/job-detail/network-engineer-required-in-malta-primex-immigration-llp-8-to-13-yrs-jobid-tsnclDmaONNzpSvf__PLUS__uAgZw==: Malta (Malta)
2025-01-17 14:07:18,277 - INFO - Fetching data from link: https://www.timesjobs.com/job-detail/senior-java-engineer-infostretch-solution-pvt-ltd-5-to-9-yrs-jobid-vTSxdzx8luhzpSvf__PLUS__uAgZw==
2025-01-17 14:07:18,319 - INFO - Data fetched from https://www.timesjobs.com/job-detail/php-developer-required-in-united-kingdom-primex-immigration-llp-5-to-10-yrs-jobid-TY9XSXLtIgJzpSvf__PLUS__uAgZw==: United Kingdom (UK) (United Kingdom (uk))
2025-01-17 14:07:18,320 - INFO - Fetching data from link: https://www.timesjobs.com/job-detail/senior-java-engineer-infostretch-solution-pvt-ltd-5-to-9-yrs-jobid-__PLUS__rn1edYWLLpzpSvf__PLUS__uAgZw==
2025-01-17 14:07:18,394 - INFO - Data fetched from https://www.timesjobs.com/job-detail/analista-de-preo-tcnico-de-planos-de-servios-volvo-group-india-pvt-ltd-5-to-8-yrs-jobid-QtFYxfOGcFhzpSvf__PLUS__uAgZw==: Brazil (Brazil)
2025-01-17 14:07:18,397 - INFO - Data fetched from https://www.timesjobs.com/job-detail/ux-ui-designer-job-in-united-kingdom-exotic-expert-solutions-llp-3-to-8-yrs-jobid-tszjTOF4mg5zpSvf__PLUS__uAgZw==: United Kingdom (UK) (United Kingdom (uk))
2025-01-17 14:07:18,399 - INFO - Fetching data from link: https://www.timesjobs.com/job-detail/senior-java-engineer-infostretch-solution-pvt-ltd-5-to-9-yrs-jobid-jVY7gdI0ZAJzpSvf__PLUS__uAgZw==
2025-01-17 14:07:18,401 - INFO - Fetching data from link: https://www.timesjobs.com/job-detail/senior-java-engineer-infostretch-solution-pvt-ltd-3-to-5-yrs-jobid-yFkd__PLUS__vqZPtxzpSvf__PLUS__uAgZw==
2025-01-17 14:07:18,646 - INFO - Data fetched from https://www.timesjobs.com/job-detail/analista-de-preo-tcnico-de-planos-de-servios-volvo-group-india-pvt-ltd-5-to-8-yrs-jobid-6o0rRGMREs9zpSvf__PLUS__uAgZw==: Brazil (Brazil)
2025-01-17 14:07:18,647 - INFO - Fetching data from link: https://www.timesjobs.com/job-detail/senior-java-engineer-infostretch-solution-pvt-ltd-3-to-5-yrs-jobid-YM4P3iP__SLASH__qxJzpSvf__PLUS__uAgZw==
2025-01-17 14:07:18,769 - INFO - Data fetched from https://www.timesjobs.com/job-detail/analista-de-preo-tcnico-de-planos-de-servios-volvo-group-india-pvt-ltd-5-to-8-yrs-jobid-Lf1zZ0B2XftzpSvf__PLUS__uAgZw==: Brazil (Brazil)
2025-01-17 14:07:18,769 - INFO - Fetching data from link: https://www.timesjobs.com/job-detail/senior-java-engineer-infostretch-solution-pvt-ltd-3-to-5-yrs-jobid-KhXrLNxa8VBzpSvf__PLUS__uAgZw==
2025-01-17 14:07:18,982 - INFO - Data fetched from https://www.timesjobs.com/job-detail/senior-java-engineer-infostretch-solution-pvt-ltd-5-to-9-yrs-jobid-vTSxdzx8luhzpSvf__PLUS__uAgZw==: Poland (Poland)
2025-01-17 14:07:18,983 - INFO - Fetching data from link: https://www.timesjobs.com/job-detail/3pillar-senior-software-engineer-python-brickred-3pillar-global-7-to-10-yrs-jobid-OjTAI77MQ2xzpSvf__PLUS__uAgZw==
2025-01-17 14:07:19,072 - INFO - Data fetched from https://www.timesjobs.com/job-detail/senior-java-engineer-infostretch-solution-pvt-ltd-5-to-9-yrs-jobid-__PLUS__rn1edYWLLpzpSvf__PLUS__uAgZw==: Poland (Poland)
2025-01-17 14:07:19,073 - INFO - Fetching data from link: https://www.timesjobs.com/job-detail/3pillar-senior-software-engineer-python-brickred-3pillar-global-7-to-10-yrs-jobid-j7PldUifbrdzpSvf__PLUS__uAgZw==
2025-01-17 14:07:19,085 - INFO - Data fetched from https://www.timesjobs.com/job-detail/senior-java-engineer-infostretch-solution-pvt-ltd-5-to-9-yrs-jobid-jVY7gdI0ZAJzpSvf__PLUS__uAgZw==: Poland (Poland)
2025-01-17 14:07:19,100 - INFO - Fetching data from link: https://www.timesjobs.com/job-detail/3pillar-senior-software-engineer-python-brickred-3pillar-global-7-to-10-yrs-jobid-b58AfdUGKehzpSvf__PLUS__uAgZw==
2025-01-17 14:07:19,157 - INFO - Data fetched from https://www.timesjobs.com/job-detail/senior-java-engineer-infostretch-solution-pvt-ltd-3-to-5-yrs-jobid-yFkd__PLUS__vqZPtxzpSvf__PLUS__uAgZw==: Poland (Poland)
2025-01-17 14:07:19,160 - INFO - Fetching data from link: https://www.timesjobs.com/job-detail/open-application-oulu-and-rovaniemi-elektrobit-india-pvt-ltd-1-to-5-yrs-jobid-Sgp4SklmWIdzpSvf__PLUS__uAgZw==
2025-01-17 14:07:19,467 - INFO - Data fetched from https://www.timesjobs.com/job-detail/3pillar-senior-software-engineer-python-brickred-3pillar-global-7-to-10-yrs-jobid-OjTAI77MQ2xzpSvf__PLUS__uAgZw==: Czech Republic (Czech Republic)
2025-01-17 14:07:19,467 - INFO - Fetching data from link: https://www.timesjobs.com/job-detail/initiative-application-at-elektrobit-austria-elektrobit-india-pvt-ltd-1-to-5-yrs-jobid-zYQUKOdBGZlzpSvf__PLUS__uAgZw==
2025-01-17 14:07:19,666 - INFO - Data fetched from https://www.timesjobs.com/job-detail/senior-java-engineer-infostretch-solution-pvt-ltd-3-to-5-yrs-jobid-KhXrLNxa8VBzpSvf__PLUS__uAgZw==: Poland (Poland)
2025-01-17 14:07:19,666 - INFO - Fetching data from link: https://www.timesjobs.com/job-detail/fpga-developer-m-f-d-elektrobit-india-pvt-ltd-3-to-6-yrs-jobid-X6BIZzrgnA1zpSvf__PLUS__uAgZw==
2025-01-17 14:07:19,719 - INFO - Data fetched from https://www.timesjobs.com/job-detail/open-application-oulu-and-rovaniemi-elektrobit-india-pvt-ltd-1-to-5-yrs-jobid-Sgp4SklmWIdzpSvf__PLUS__uAgZw==: Finland (Finland)
2025-01-17 14:07:19,719 - INFO - Fetching data from link: https://www.timesjobs.com/job-detail/internship-data-analyst-volvo-group-india-pvt-ltd-0-to-1-yrs-jobid-x8JR5AW4W21zpSvf__PLUS__uAgZw==
2025-01-17 14:07:19,756 - INFO - Data fetched from https://www.timesjobs.com/job-detail/senior-java-engineer-infostretch-solution-pvt-ltd-3-to-5-yrs-jobid-YM4P3iP__SLASH__qxJzpSvf__PLUS__uAgZw==: Poland (Poland)
2025-01-17 14:07:19,762 - INFO - Fetching data from link: https://www.timesjobs.com/job-detail/mts3-mts-4-smts-nutanix-files-nutanix-6-to-9-yrs-jobid-571pr__PLUS__SO9OJzpSvf__PLUS__uAgZw==
2025-01-17 14:07:19,766 - INFO - Data fetched from https://www.timesjobs.com/job-detail/3pillar-senior-software-engineer-python-brickred-3pillar-global-7-to-10-yrs-jobid-b58AfdUGKehzpSvf__PLUS__uAgZw==: Czech Republic (Czech Republic)
2025-01-17 14:07:19,775 - INFO - Fetching data from link: https://www.timesjobs.com/job-detail/senior-software-engineering-manager-microsoft-india-pvt-ltd-5-to-10-yrs-jobid-XX5FiugmGWJzpSvf__PLUS__uAgZw==
2025-01-17 14:07:19,820 - INFO - Data fetched from https://www.timesjobs.com/job-detail/3pillar-senior-software-engineer-python-brickred-3pillar-global-7-to-10-yrs-jobid-j7PldUifbrdzpSvf__PLUS__uAgZw==: Czech Republic (Czech Republic)
2025-01-17 14:07:19,823 - INFO - Fetching data from link: https://www.timesjobs.com/job-detail/msbuild-engineering-manager-microsoft-india-pvt-ltd-2-to-5-yrs-jobid-V4JRJHkFBv9zpSvf__PLUS__uAgZw==
2025-01-17 14:07:20,078 - INFO - Data fetched from https://www.timesjobs.com/job-detail/fpga-developer-m-f-d-elektrobit-india-pvt-ltd-3-to-6-yrs-jobid-X6BIZzrgnA1zpSvf__PLUS__uAgZw==: Austria (Austria)
2025-01-17 14:07:20,079 - INFO - Fetching data from link: https://www.timesjobs.com/job-detail/senior-software-engineer-microsoft-india-pvt-ltd-5-to-10-yrs-jobid-V8DluKozinBzpSvf__PLUS__uAgZw==
2025-01-17 14:07:20,132 - INFO - Data fetched from https://www.timesjobs.com/job-detail/initiative-application-at-elektrobit-austria-elektrobit-india-pvt-ltd-1-to-5-yrs-jobid-zYQUKOdBGZlzpSvf__PLUS__uAgZw==: Austria (Austria)
2025-01-17 14:07:20,132 - INFO - Fetching data from link: https://www.timesjobs.com/job-detail/senior-specialist-products-solutions-mastercard-5-to-10-yrs-jobid-czqocRWD4utzpSvf__PLUS__uAgZw==
2025-01-17 14:07:20,257 - INFO - Data fetched from https://www.timesjobs.com/job-detail/msbuild-engineering-manager-microsoft-india-pvt-ltd-2-to-5-yrs-jobid-V4JRJHkFBv9zpSvf__PLUS__uAgZw==: Czech Republic (Czech Republic)
2025-01-17 14:07:20,258 - INFO - Fetching data from link: https://www.timesjobs.com/job-detail/learning-delivery-specialist-data-and-tech-mastercard-3-to-5-yrs-jobid-EDUWKd3CZWBzpSvf__PLUS__uAgZw==
2025-01-17 14:07:20,289 - INFO - Data fetched from https://www.timesjobs.com/job-detail/senior-software-engineering-manager-microsoft-india-pvt-ltd-5-to-10-yrs-jobid-XX5FiugmGWJzpSvf__PLUS__uAgZw==: Romania (Romania)
2025-01-17 14:07:20,290 - INFO - Fetching data from link: https://www.timesjobs.com/job-detail/customer-technical-services-analyst-i-b2b-mastercard-1-to-3-yrs-jobid-F__PLUS__pe78RguhpzpSvf__PLUS__uAgZw==
2025-01-17 14:07:20,322 - INFO - Data fetched from https://www.timesjobs.com/job-detail/mts3-mts-4-smts-nutanix-files-nutanix-6-to-9-yrs-jobid-571pr__PLUS__SO9OJzpSvf__PLUS__uAgZw==: Serbia (Serbia), Pune (Maharashtra)
2025-01-17 14:07:20,323 - INFO - Fetching data from link: https://www.timesjobs.com/job-detail/senior-software-engineer-mastercard-6-to-9-yrs-jobid-xgjiVwLEFFlzpSvf__PLUS__uAgZw==
2025-01-17 14:07:20,389 - INFO - Data fetched from https://www.timesjobs.com/job-detail/internship-data-analyst-volvo-group-india-pvt-ltd-0-to-1-yrs-jobid-x8JR5AW4W21zpSvf__PLUS__uAgZw==: Poland (Poland)
2025-01-17 14:07:20,389 - INFO - Fetching data from link: https://www.timesjobs.com/job-detail/software-engineer-in-test-qa-automation-engineer-mastercard-3-to-5-yrs-jobid-sWjjrVw__SLASH__qc5zpSvf__PLUS__uAgZw==
2025-01-17 14:07:20,669 - INFO - Data fetched from https://www.timesjobs.com/job-detail/senior-software-engineer-microsoft-india-pvt-ltd-5-to-10-yrs-jobid-V8DluKozinBzpSvf__PLUS__uAgZw==: Czech Republic (Czech Republic)
2025-01-17 14:07:20,679 - INFO - Data fetched from https://www.timesjobs.com/job-detail/senior-specialist-products-solutions-mastercard-5-to-10-yrs-jobid-czqocRWD4utzpSvf__PLUS__uAgZw==: Guatemala (Guatemala)
2025-01-17 14:07:20,679 - INFO - Fetching data from link: https://www.timesjobs.com/job-detail/director-product-management-global-debit-mastercard-8-to-10-yrs-jobid-v__SLASH__of668MXQdzpSvf__PLUS__uAgZw==
2025-01-17 14:07:20,682 - INFO - Fetching data from link: https://www.timesjobs.com/job-detail/java-senior-software-engineer-mastercard-5-to-9-yrs-jobid-MSI9RWAITGtzpSvf__PLUS__uAgZw==
2025-01-17 14:07:20,707 - INFO - Data fetched from https://www.timesjobs.com/job-detail/senior-software-engineer-mastercard-6-to-9-yrs-jobid-xgjiVwLEFFlzpSvf__PLUS__uAgZw==: Portugal (Portugal)
2025-01-17 14:07:20,707 - INFO - Fetching data from link: https://www.timesjobs.com/job-detail/director-communications-mastercard-7-to-10-yrs-jobid-nVc6Fy7CnUpzpSvf__PLUS__uAgZw==
2025-01-17 14:07:20,839 - INFO - Data fetched from https://www.timesjobs.com/job-detail/learning-delivery-specialist-data-and-tech-mastercard-3-to-5-yrs-jobid-EDUWKd3CZWBzpSvf__PLUS__uAgZw==: Colombia (Colombia)
2025-01-17 14:07:20,840 - INFO - Fetching data from link: https://www.timesjobs.com/job-detail/ion-group-senior-net-python-consultant-budapest-ion-trading-india-pvt-ltd-6-to-9-yrs-jobid-LmrqLHeRG8NzpSvf__PLUS__uAgZw==
2025-01-17 14:07:20,911 - INFO - Data fetched from https://www.timesjobs.com/job-detail/software-engineer-in-test-qa-automation-engineer-mastercard-3-to-5-yrs-jobid-sWjjrVw__SLASH__qc5zpSvf__PLUS__uAgZw==: Portugal (Portugal)
2025-01-17 14:07:20,911 - INFO - Fetching data from link: https://www.timesjobs.com/job-detail/data-analyst-autodesk-india-pvt-ltd-3-to-5-yrs-jobid-z0spSmHd__PLUS__exzpSvf__PLUS__uAgZw==
2025-01-17 14:07:21,014 - INFO - Data fetched from https://www.timesjobs.com/job-detail/customer-technical-services-analyst-i-b2b-mastercard-1-to-3-yrs-jobid-F__PLUS__pe78RguhpzpSvf__PLUS__uAgZw==: Poland (Poland)
2025-01-17 14:07:21,014 - INFO - Fetching data from link: https://www.timesjobs.com/job-detail/3pillar-senior-data-engineer-brickred-3pillar-global-2-to-5-yrs-jobid-JJ7vfks7ihFzpSvf__PLUS__uAgZw==
2025-01-17 14:07:21,235 - INFO - Data fetched from https://www.timesjobs.com/job-detail/java-senior-software-engineer-mastercard-5-to-9-yrs-jobid-MSI9RWAITGtzpSvf__PLUS__uAgZw==: Portugal (Portugal)
2025-01-17 14:07:21,235 - INFO - Fetching data from link: https://www.timesjobs.com/job-detail/3pillar-senior-data-engineer-brickred-3pillar-global-2-to-3-yrs-jobid-dJ3__SLASH__bRGWMU1zpSvf__PLUS__uAgZw==
2025-01-17 14:07:21,262 - INFO - Data fetched from https://www.timesjobs.com/job-detail/director-product-management-global-debit-mastercard-8-to-10-yrs-jobid-v__SLASH__of668MXQdzpSvf__PLUS__uAgZw==: Portugal (Portugal)
2025-01-17 14:07:21,263 - INFO - Fetching data from link: https://www.timesjobs.com/job-detail/3pillar-senior-data-engineer-brickred-3pillar-global-2-to-5-yrs-jobid-XEXNzpF7CN1zpSvf__PLUS__uAgZw==
2025-01-17 14:07:21,296 - INFO - Data fetched from https://www.timesjobs.com/job-detail/director-communications-mastercard-7-to-10-yrs-jobid-nVc6Fy7CnUpzpSvf__PLUS__uAgZw==: Bahrain (Bahrain), Iraq (Iraq)
2025-01-17 14:07:21,296 - INFO - Fetching data from link: https://www.timesjobs.com/job-detail/member-frontline-cashier-walmart-india-0-to-3-yrs-jobid-3E8CVwjQaX5zpSvf__PLUS__uAgZw==
2025-01-17 14:07:21,321 - INFO - Data fetched from https://www.timesjobs.com/job-detail/ion-group-senior-net-python-consultant-budapest-ion-trading-india-pvt-ltd-6-to-9-yrs-jobid-LmrqLHeRG8NzpSvf__PLUS__uAgZw==: Hungary (Hungary)
2025-01-17 14:07:21,322 - INFO - Fetching data from link: https://www.timesjobs.com/job-detail/senior-manufacturing-product-engineer-nvidia-graphics-pvt-ltd-5-to-8-yrs-jobid-D9uBbvKhsP5zpSvf__PLUS__uAgZw==
2025-01-17 14:07:21,418 - INFO - Data fetched from https://www.timesjobs.com/job-detail/3pillar-senior-data-engineer-brickred-3pillar-global-2-to-5-yrs-jobid-JJ7vfks7ihFzpSvf__PLUS__uAgZw==: Moldova (Moldova)
2025-01-17 14:07:21,418 - INFO - Fetching data from link: https://www.timesjobs.com/job-detail/outsystems-developer-innowave-infrastructure-ltd-5-to-8-yrs-jobid-YwT6UbqYdO1zpSvf__PLUS__uAgZw==
2025-01-17 14:07:21,608 - INFO - Data fetched from https://www.timesjobs.com/job-detail/data-analyst-autodesk-india-pvt-ltd-3-to-5-yrs-jobid-z0spSmHd__PLUS__exzpSvf__PLUS__uAgZw==: Poland (Poland)
2025-01-17 14:07:21,609 - INFO - Fetching data from link: https://www.timesjobs.com/job-detail/veeva-systems-senior-data-analyst-opendata-clinical-veeva-systems-3-to-6-yrs-jobid-6EBPD3__PLUS__tn5VzpSvf__PLUS__uAgZw==
2025-01-17 14:07:21,709 - INFO - Data fetched from https://www.timesjobs.com/job-detail/senior-manufacturing-product-engineer-nvidia-graphics-pvt-ltd-5-to-8-yrs-jobid-D9uBbvKhsP5zpSvf__PLUS__uAgZw==: Vietnam (Vietnam)
2025-01-17 14:07:21,709 - INFO - Fetching data from link: https://www.timesjobs.com/job-detail/head-of-service-delivery-aeris-communications-1-to-4-yrs-jobid-dmUXZvr6LMVzpSvf__PLUS__uAgZw==
2025-01-17 14:07:21,841 - INFO - Data fetched from https://www.timesjobs.com/job-detail/3pillar-senior-data-engineer-brickred-3pillar-global-2-to-5-yrs-jobid-XEXNzpF7CN1zpSvf__PLUS__uAgZw==: Romania (Romania)
2025-01-17 14:07:21,842 - INFO - Fetching data from link: https://www.timesjobs.com/job-detail/member-frontline-cashier-walmart-india-0-to-3-yrs-jobid-n1__SLASH__Naz1KX9NzpSvf__PLUS__uAgZw==
2025-01-17 14:07:21,877 - INFO - Data fetched from https://www.timesjobs.com/job-detail/3pillar-senior-data-engineer-brickred-3pillar-global-2-to-3-yrs-jobid-dJ3__SLASH__bRGWMU1zpSvf__PLUS__uAgZw==: Czech Republic (Czech Republic)
2025-01-17 14:07:21,879 - INFO - Fetching data from link: https://www.timesjobs.com/job-detail/member-frontline-cashier-walmart-india-0-to-3-yrs-jobid-3S3SjkjqVwRzpSvf__PLUS__uAgZw==
2025-01-17 14:07:21,929 - INFO - Data fetched from https://www.timesjobs.com/job-detail/member-frontline-cashier-walmart-india-0-to-3-yrs-jobid-3E8CVwjQaX5zpSvf__PLUS__uAgZw==: United States of America (USA) (United States Of America (usa))
2025-01-17 14:07:21,930 - INFO - Fetching data from link: https://www.timesjobs.com/job-detail/manager-air-cargo-cargo-partner-0-to-3-yrs-jobid-U__SLASH__XuuAsCQilzpSvf__PLUS__uAgZw==
2025-01-17 14:07:21,982 - INFO - Data fetched from https://www.timesjobs.com/job-detail/outsystems-developer-innowave-infrastructure-ltd-5-to-8-yrs-jobid-YwT6UbqYdO1zpSvf__PLUS__uAgZw==: Portugal (Portugal)
2025-01-17 14:07:21,983 - INFO - Fetching data from link: https://www.timesjobs.com/job-detail/member-frontline-cashier-walmart-india-0-to-3-yrs-jobid-pQSeNO6albtzpSvf__PLUS__uAgZw==
2025-01-17 14:07:22,733 - INFO - Data fetched from https://www.timesjobs.com/job-detail/veeva-systems-senior-data-analyst-opendata-clinical-veeva-systems-3-to-6-yrs-jobid-6EBPD3__PLUS__tn5VzpSvf__PLUS__uAgZw==: Portugal (Portugal)
2025-01-17 14:07:22,734 - INFO - Fetching data from link: https://www.timesjobs.com/job-detail/member-frontline-cashier-walmart-india-0-to-3-yrs-jobid-iO2W1c7U6LhzpSvf__PLUS__uAgZw==
2025-01-17 14:07:23,019 - INFO - Data fetched from https://www.timesjobs.com/job-detail/head-of-service-delivery-aeris-communications-1-to-4-yrs-jobid-dmUXZvr6LMVzpSvf__PLUS__uAgZw==: Romania (Romania)
2025-01-17 14:07:23,020 - INFO - Fetching data from link: https://www.timesjobs.com/job-detail/member-frontline-cashier-walmart-india-0-to-3-yrs-jobid-Tqeyn9k1nn1zpSvf__PLUS__uAgZw==
2025-01-17 14:07:23,099 - INFO - Data fetched from https://www.timesjobs.com/job-detail/member-frontline-cashier-walmart-india-0-to-3-yrs-jobid-n1__SLASH__Naz1KX9NzpSvf__PLUS__uAgZw==: United States of America (USA) (United States Of America (usa))
2025-01-17 14:07:23,100 - INFO - Fetching data from link: https://www.timesjobs.com/job-detail/member-frontline-cashier-walmart-india-0-to-3-yrs-jobid-snf1Em__PLUS__ih__PLUS__lzpSvf__PLUS__uAgZw==
2025-01-17 14:07:23,134 - INFO - Data fetched from https://www.timesjobs.com/job-detail/manager-air-cargo-cargo-partner-0-to-3-yrs-jobid-U__SLASH__XuuAsCQilzpSvf__PLUS__uAgZw==: Taiwan (Taiwan)
2025-01-17 14:07:23,134 - INFO - Fetching data from link: https://www.timesjobs.com/job-detail/member-frontline-cashier-walmart-india-0-to-3-yrs-jobid-e5__PLUS__wx__PLUS__RstyhzpSvf__PLUS__uAgZw==
2025-01-17 14:07:23,455 - INFO - Data fetched from https://www.timesjobs.com/job-detail/member-frontline-cashier-walmart-india-0-to-3-yrs-jobid-pQSeNO6albtzpSvf__PLUS__uAgZw==: United States of America (USA) (United States Of America (usa))
2025-01-17 14:07:23,456 - INFO - Fetching data from link: https://www.timesjobs.com/job-detail/member-frontline-cashier-walmart-india-0-to-3-yrs-jobid-JBfp5z8U5gtzpSvf__PLUS__uAgZw==
2025-01-17 14:07:23,574 - INFO - Data fetched from https://www.timesjobs.com/job-detail/member-frontline-cashier-walmart-india-0-to-3-yrs-jobid-3S3SjkjqVwRzpSvf__PLUS__uAgZw==: United States of America (USA) (United States Of America (usa))
2025-01-17 14:07:23,574 - INFO - Fetching data from link: https://www.timesjobs.com/job-detail/member-frontline-cashier-walmart-india-0-to-3-yrs-jobid-dAMZDXSQN59zpSvf__PLUS__uAgZw==
2025-01-17 14:07:25,305 - INFO - Data fetched from https://www.timesjobs.com/job-detail/member-frontline-cashier-walmart-india-0-to-3-yrs-jobid-dAMZDXSQN59zpSvf__PLUS__uAgZw==: United States of America (USA) (United States Of America (usa))
2025-01-17 14:07:25,305 - INFO - Fetching data from link: https://www.timesjobs.com/job-detail/member-frontline-cashier-walmart-india-0-to-3-yrs-jobid-gPXPf4Lc__SLASH__jZzpSvf__PLUS__uAgZw==
2025-01-17 14:07:25,387 - INFO - Data fetched from https://www.timesjobs.com/job-detail/member-frontline-cashier-walmart-india-0-to-3-yrs-jobid-e5__PLUS__wx__PLUS__RstyhzpSvf__PLUS__uAgZw==: United States of America (USA) (United States Of America (usa))
2025-01-17 14:07:25,388 - INFO - Fetching data from link: https://www.timesjobs.com/job-detail/member-frontline-cashier-walmart-india-0-to-3-yrs-jobid-dvQjnmuwb31zpSvf__PLUS__uAgZw==
2025-01-17 14:07:25,400 - INFO - Data fetched from https://www.timesjobs.com/job-detail/member-frontline-cashier-walmart-india-0-to-3-yrs-jobid-iO2W1c7U6LhzpSvf__PLUS__uAgZw==: United States of America (USA) (United States Of America (usa))
2025-01-17 14:07:25,401 - INFO - Fetching data from link: https://www.timesjobs.com/job-detail/member-frontline-cashier-walmart-india-0-to-3-yrs-jobid-d2Xy80OZJ__SLASH__JzpSvf__PLUS__uAgZw==
2025-01-17 14:07:25,542 - INFO - Data fetched from https://www.timesjobs.com/job-detail/member-frontline-cashier-walmart-india-0-to-3-yrs-jobid-snf1Em__PLUS__ih__PLUS__lzpSvf__PLUS__uAgZw==: United States of America (USA) (United States Of America (usa))
2025-01-17 14:07:25,542 - INFO - Fetching data from link: https://www.timesjobs.com/job-detail/senior-implementation-consultant-rims-veeva-systems-8-to-11-yrs-jobid-gfukDTJWYsBzpSvf__PLUS__uAgZw==
2025-01-17 14:07:25,688 - INFO - Data fetched from https://www.timesjobs.com/job-detail/member-frontline-cashier-walmart-india-0-to-3-yrs-jobid-Tqeyn9k1nn1zpSvf__PLUS__uAgZw==: United States of America (USA) (United States Of America (usa))
2025-01-17 14:07:25,689 - INFO - Fetching data from link: https://www.timesjobs.com/job-detail/intermediate-senior-full-stack-developer-vantage-2-to-5-yrs-jobid-el8EnbsjYSpzpSvf__PLUS__uAgZw==
2025-01-17 14:07:26,048 - INFO - Data fetched from https://www.timesjobs.com/job-detail/member-frontline-cashier-walmart-india-0-to-3-yrs-jobid-JBfp5z8U5gtzpSvf__PLUS__uAgZw==: United States of America (USA) (United States Of America (usa))
2025-01-17 14:07:26,048 - INFO - Fetching data from link: https://www.timesjobs.com/job-detail/php-developers-tapadia-creative-pvt-ltd-2-to-5-yrs-jobid-0qxT1q3uBbRzpSvf__PLUS__uAgZw==
2025-01-17 14:07:26,288 - INFO - Data fetched from https://www.timesjobs.com/job-detail/member-frontline-cashier-walmart-india-0-to-3-yrs-jobid-d2Xy80OZJ__SLASH__JzpSvf__PLUS__uAgZw==: United States of America (USA) (United States Of America (usa))
2025-01-17 14:07:26,288 - INFO - Fetching data from link: https://www.timesjobs.com/job-detail/lead-data-scientist-srijan-technologies-6-to-10-yrs-jobid-TzwSl8YhiDpzpSvf__PLUS__uAgZw==
2025-01-17 14:07:26,489 - INFO - Data fetched from https://www.timesjobs.com/job-detail/senior-implementation-consultant-rims-veeva-systems-8-to-11-yrs-jobid-gfukDTJWYsBzpSvf__PLUS__uAgZw==: United Kingdom (UK) (United Kingdom (uk))
2025-01-17 14:07:26,490 - INFO - Fetching data from link: https://www.timesjobs.com/job-detail/sr-it-developer-erp-finite-hr-consuting-pvt-ltd-0-to-3-yrs-jobid-V__PLUS__RqzUXF5g5zpSvf__PLUS__uAgZw==
2025-01-17 14:07:26,544 - INFO - Data fetched from https://www.timesjobs.com/job-detail/php-developers-tapadia-creative-pvt-ltd-2-to-5-yrs-jobid-0qxT1q3uBbRzpSvf__PLUS__uAgZw==: United States of America (USA) (United States Of America (usa))
2025-01-17 14:07:26,545 - INFO - Fetching data from link: https://www.timesjobs.com/job-detail/web-developer-doctor-multimedia-0-to-3-yrs-jobid-gJPvx83wnDNzpSvf__PLUS__uAgZw==
2025-01-17 14:07:26,616 - INFO - Data fetched from https://www.timesjobs.com/job-detail/intermediate-senior-full-stack-developer-vantage-2-to-5-yrs-jobid-el8EnbsjYSpzpSvf__PLUS__uAgZw==: United Kingdom (UK) (United Kingdom (uk))
2025-01-17 14:07:26,617 - INFO - Fetching data from link: https://www.timesjobs.com/job-detail/software-programmer-cum-tester-connecting-2-work-1-to-4-yrs-jobid-SQEhJmcE0UNzpSvf__PLUS__uAgZw==
2025-01-17 14:07:26,632 - INFO - Data fetched from https://www.timesjobs.com/job-detail/member-frontline-cashier-walmart-india-0-to-3-yrs-jobid-gPXPf4Lc__SLASH__jZzpSvf__PLUS__uAgZw==: United States of America (USA) (United States Of America (usa))
2025-01-17 14:07:26,641 - INFO - Fetching data from link: https://www.timesjobs.com/job-detail/laravel-developer-connecting-2-work-1-to-3-yrs-jobid-Q8VoLbYzOWlzpSvf__PLUS__uAgZw==
2025-01-17 14:07:26,669 - INFO - Data fetched from https://www.timesjobs.com/job-detail/member-frontline-cashier-walmart-india-0-to-3-yrs-jobid-dvQjnmuwb31zpSvf__PLUS__uAgZw==: United States of America (USA) (United States Of America (usa))
2025-01-17 14:07:26,670 - INFO - Fetching data from link: https://www.timesjobs.com/job-detail/typo3-developer-connecting-2-work-0-to-3-yrs-jobid-gtVpl2pphiBzpSvf__PLUS__uAgZw==
2025-01-17 14:07:26,965 - INFO - Data fetched from https://www.timesjobs.com/job-detail/lead-data-scientist-srijan-technologies-6-to-10-yrs-jobid-TzwSl8YhiDpzpSvf__PLUS__uAgZw==: null (Null)
2025-01-17 14:07:26,966 - INFO - Fetching data from link: https://www.timesjobs.com/job-detail/angular-react-developer-connecting-2-work-0-to-3-yrs-jobid-swWtXxpJmRtzpSvf__PLUS__uAgZw==
2025-01-17 14:07:27,350 - INFO - Data fetched from https://www.timesjobs.com/job-detail/web-developer-doctor-multimedia-0-to-3-yrs-jobid-gJPvx83wnDNzpSvf__PLUS__uAgZw==: United States of America (USA) (United States Of America (usa))
2025-01-17 14:07:27,358 - INFO - Fetching data from link: https://www.timesjobs.com/job-detail/php-developer-connecting-2-work-5-to-8-yrs-jobid-umb734CKDOJzpSvf__PLUS__uAgZw==
2025-01-17 14:07:27,408 - INFO - Data fetched from https://www.timesjobs.com/job-detail/typo3-developer-connecting-2-work-0-to-3-yrs-jobid-gtVpl2pphiBzpSvf__PLUS__uAgZw==: United States of America (USA) (United States Of America (usa))
2025-01-17 14:07:27,421 - INFO - Fetching data from link: https://www.timesjobs.com/job-detail/android-developer-connecting-2-work-0-to-3-yrs-jobid-FdCvdemkfkVzpSvf__PLUS__uAgZw==
2025-01-17 14:07:27,429 - INFO - Data fetched from https://www.timesjobs.com/job-detail/laravel-developer-connecting-2-work-1-to-3-yrs-jobid-Q8VoLbYzOWlzpSvf__PLUS__uAgZw==: United States of America (USA) (United States Of America (usa))
2025-01-17 14:07:27,429 - INFO - Fetching data from link: https://www.timesjobs.com/job-detail/project-manager-connecting-2-work-0-to-3-yrs-jobid-KXLs8voWjy9zpSvf__PLUS__uAgZw==
2025-01-17 14:07:27,499 - INFO - Data fetched from https://www.timesjobs.com/job-detail/software-programmer-cum-tester-connecting-2-work-1-to-4-yrs-jobid-SQEhJmcE0UNzpSvf__PLUS__uAgZw==: United States of America (USA) (United States Of America (usa))
2025-01-17 14:07:27,500 - INFO - Fetching data from link: https://www.timesjobs.com/job-detail/salesforce-developer-connecting-2-work-2-to-5-yrs-jobid-VxJ15Yt9oLtzpSvf__PLUS__uAgZw==
2025-01-17 14:07:27,599 - INFO - Data fetched from https://www.timesjobs.com/job-detail/sr-it-developer-erp-finite-hr-consuting-pvt-ltd-0-to-3-yrs-jobid-V__PLUS__RqzUXF5g5zpSvf__PLUS__uAgZw==: United States of America (USA) (United States Of America (usa))
2025-01-17 14:07:27,600 - INFO - Fetching data from link: https://www.timesjobs.com/job-detail/react-native-full-stack-developer-connecting-2-work-1-to-2-yrs-jobid-vPwSLxazrVtzpSvf__PLUS__uAgZw==
2025-01-17 14:07:28,120 - INFO - Data fetched from https://www.timesjobs.com/job-detail/angular-react-developer-connecting-2-work-0-to-3-yrs-jobid-swWtXxpJmRtzpSvf__PLUS__uAgZw==: United States of America (USA) (United States Of America (usa))
2025-01-17 14:07:28,121 - INFO - Fetching data from link: https://www.timesjobs.com/job-detail/senior-php-developer-connecting-2-work-0-to-3-yrs-jobid-6ENr8ZXYvndzpSvf__PLUS__uAgZw==
2025-01-17 14:07:28,428 - INFO - Data fetched from https://www.timesjobs.com/job-detail/php-developer-connecting-2-work-5-to-8-yrs-jobid-umb734CKDOJzpSvf__PLUS__uAgZw==: United States of America (USA) (United States Of America (usa))
2025-01-17 14:07:28,429 - INFO - Fetching data from link: https://www.timesjobs.com/job-detail/java-backend-engineer-chatbot-binance-8-to-11-yrs-jobid-idbsfIN77O1zpSvf__PLUS__uAgZw==
2025-01-17 14:07:28,733 - INFO - Data fetched from https://www.timesjobs.com/job-detail/salesforce-developer-connecting-2-work-2-to-5-yrs-jobid-VxJ15Yt9oLtzpSvf__PLUS__uAgZw==: United States of America (USA) (United States Of America (usa))
2025-01-17 14:07:28,733 - INFO - Fetching data from link: https://www.timesjobs.com/job-detail/ios-architect-binance-3-to-5-yrs-jobid-clafgWxzQFhzpSvf__PLUS__uAgZw==
2025-01-17 14:07:28,818 - INFO - Data fetched from https://www.timesjobs.com/job-detail/android-developer-connecting-2-work-0-to-3-yrs-jobid-FdCvdemkfkVzpSvf__PLUS__uAgZw==: United States of America (USA) (United States Of America (usa))
2025-01-17 14:07:28,819 - INFO - Fetching data from link: https://www.timesjobs.com/job-detail/binance-accelerator-program-backend-developer-security-binance-0-to-2-yrs-jobid-ZHMGSLW6FZxzpSvf__PLUS__uAgZw==
2025-01-17 14:07:28,851 - INFO - Data fetched from https://www.timesjobs.com/job-detail/react-native-full-stack-developer-connecting-2-work-1-to-2-yrs-jobid-vPwSLxazrVtzpSvf__PLUS__uAgZw==: United States of America (USA) (United States Of America (usa))
2025-01-17 14:07:28,852 - INFO - Fetching data from link: https://www.timesjobs.com/job-detail/infrastructure-security-engineer-devsecops-binance-4-to-8-yrs-jobid-UQZFFuvXcg9zpSvf__PLUS__uAgZw==
2025-01-17 14:07:28,926 - INFO - Data fetched from https://www.timesjobs.com/job-detail/project-manager-connecting-2-work-0-to-3-yrs-jobid-KXLs8voWjy9zpSvf__PLUS__uAgZw==: United States of America (USA) (United States Of America (usa))
2025-01-17 14:07:28,927 - INFO - Fetching data from link: https://www.timesjobs.com/job-detail/frontend-engineer-data-team-binance-3-to-6-yrs-jobid-w6JHr354wQdzpSvf__PLUS__uAgZw==
2025-01-17 14:07:29,610 - INFO - Data fetched from https://www.timesjobs.com/job-detail/senior-php-developer-connecting-2-work-0-to-3-yrs-jobid-6ENr8ZXYvndzpSvf__PLUS__uAgZw==: United States of America (USA) (United States Of America (usa))
2025-01-17 14:07:29,611 - INFO - Fetching data from link: https://www.timesjobs.com/job-detail/golang-developer-binance-5-to-8-yrs-jobid-5VUkzFgfl4lzpSvf__PLUS__uAgZw==
2025-01-17 14:07:29,711 - INFO - Data fetched from https://www.timesjobs.com/job-detail/infrastructure-security-engineer-devsecops-binance-4-to-8-yrs-jobid-UQZFFuvXcg9zpSvf__PLUS__uAgZw==: Taiwan (Taiwan)
2025-01-17 14:07:29,712 - INFO - Fetching data from link: https://www.timesjobs.com/job-detail/senior-android-developer-binance-3-to-5-yrs-jobid-Evp4tdgZOfFzpSvf__PLUS__uAgZw==
2025-01-17 14:07:29,930 - INFO - Data fetched from https://www.timesjobs.com/job-detail/frontend-engineer-data-team-binance-3-to-6-yrs-jobid-w6JHr354wQdzpSvf__PLUS__uAgZw==: Taiwan (Taiwan)
2025-01-17 14:07:29,930 - INFO - Fetching data from link: https://www.timesjobs.com/job-detail/scrum-master-bringle-academy-6-to-8-yrs-jobid-XEs7tNUoFr9zpSvf__PLUS__uAgZw==
2025-01-17 14:07:30,102 - INFO - Data fetched from https://www.timesjobs.com/job-detail/binance-accelerator-program-backend-developer-security-binance-0-to-2-yrs-jobid-ZHMGSLW6FZxzpSvf__PLUS__uAgZw==: Taiwan (Taiwan)
2025-01-17 14:07:30,142 - INFO - Fetching data from link: https://www.timesjobs.com/job-detail/java-developer-c2h-linktag-3-to-4-yrs-jobid-v1u5LLl9ogVzpSvf__PLUS__uAgZw==
2025-01-17 14:07:30,160 - INFO - Data fetched from https://www.timesjobs.com/job-detail/java-backend-engineer-chatbot-binance-8-to-11-yrs-jobid-idbsfIN77O1zpSvf__PLUS__uAgZw==: Taiwan (Taiwan)
2025-01-17 14:07:30,168 - INFO - Fetching data from link: https://www.timesjobs.com/job-detail/cognos-lead-and-developer-linktag-8-to-9-yrs-jobid-lmmt__PLUS__C2sc4xzpSvf__PLUS__uAgZw==
2025-01-17 14:07:30,177 - INFO - Data fetched from https://www.timesjobs.com/job-detail/ios-architect-binance-3-to-5-yrs-jobid-clafgWxzQFhzpSvf__PLUS__uAgZw==: Taiwan (Taiwan)
2025-01-17 14:07:30,177 - INFO - Fetching data from link: https://www.timesjobs.com/job-detail/esolution-analyst-kg-tiger-3-to-6-yrs-jobid-9vPVBcT0U2NzpSvf__PLUS__uAgZw==
2025-01-17 14:07:30,243 - INFO - Data fetched from https://www.timesjobs.com/job-detail/golang-developer-binance-5-to-8-yrs-jobid-5VUkzFgfl4lzpSvf__PLUS__uAgZw==: Taiwan (Taiwan)
2025-01-17 14:07:30,244 - INFO - Fetching data from link: https://www.timesjobs.com/job-detail/senior-java-developer-kg-tiger-2-to-5-yrs-jobid-__SLASH__nQa1patxYRzpSvf__PLUS__uAgZw==
2025-01-17 14:07:30,537 - INFO - Data fetched from https://www.timesjobs.com/job-detail/senior-android-developer-binance-3-to-5-yrs-jobid-Evp4tdgZOfFzpSvf__PLUS__uAgZw==: Taiwan (Taiwan)
2025-01-17 14:07:30,541 - INFO - Data fetched from https://www.timesjobs.com/job-detail/scrum-master-bringle-academy-6-to-8-yrs-jobid-XEs7tNUoFr9zpSvf__PLUS__uAgZw==: United States of America (USA) (United States Of America (usa))
2025-01-17 14:07:30,542 - INFO - Fetching data from link: https://www.timesjobs.com/job-detail/statistical-programmer-kg-tiger-7-to-10-yrs-jobid-38V2MySZDPRzpSvf__PLUS__uAgZw==
2025-01-17 14:07:30,542 - INFO - Fetching data from link: https://www.timesjobs.com/job-detail/applications-analyst-iii-lawson-supply-chain-kg-tiger-5-to-8-yrs-jobid-mL__PLUS__Cgimrn4pzpSvf__PLUS__uAgZw==
2025-01-17 14:07:30,583 - INFO - Data fetched from https://www.timesjobs.com/job-detail/java-developer-c2h-linktag-3-to-4-yrs-jobid-v1u5LLl9ogVzpSvf__PLUS__uAgZw==: United Arab Emirates (UAE) (United Arab Emirates (uae))
2025-01-17 14:07:30,585 - INFO - Fetching data from link: https://www.timesjobs.com/job-detail/ibm-websphere-commerce-developer-kg-tiger-0-to-3-yrs-jobid-dtyJMjuEPX9zpSvf__PLUS__uAgZw==
2025-01-17 14:07:30,902 - INFO - Data fetched from https://www.timesjobs.com/job-detail/senior-java-developer-kg-tiger-2-to-5-yrs-jobid-__SLASH__nQa1patxYRzpSvf__PLUS__uAgZw==: United States of America (USA) (United States Of America (usa))
2025-01-17 14:07:30,910 - INFO - Fetching data from link: https://www.timesjobs.com/job-detail/ibm-websphere-portal-architect-kg-tiger-0-to-3-yrs-jobid-xZEkn4HnX41zpSvf__PLUS__uAgZw==
2025-01-17 14:07:30,948 - INFO - Data fetched from https://www.timesjobs.com/job-detail/cognos-lead-and-developer-linktag-8-to-9-yrs-jobid-lmmt__PLUS__C2sc4xzpSvf__PLUS__uAgZw==: United Arab Emirates (UAE) (United Arab Emirates (uae))
2025-01-17 14:07:30,954 - INFO - Fetching data from link: https://www.timesjobs.com/job-detail/application-support-engineer-kg-tiger-0-to-3-yrs-jobid-mJ0zW6lGWO9zpSvf__PLUS__uAgZw==
2025-01-17 14:07:30,965 - INFO - Data fetched from https://www.timesjobs.com/job-detail/esolution-analyst-kg-tiger-3-to-6-yrs-jobid-9vPVBcT0U2NzpSvf__PLUS__uAgZw==: United States of America (USA) (United States Of America (usa))
2025-01-17 14:07:30,965 - INFO - Fetching data from link: https://www.timesjobs.com/job-detail/senior-data-developer-kg-tiger-0-to-3-yrs-jobid-BDpGE5IiudNzpSvf__PLUS__uAgZw==
2025-01-17 14:07:31,200 - INFO - Data fetched from https://www.timesjobs.com/job-detail/ibm-websphere-commerce-developer-kg-tiger-0-to-3-yrs-jobid-dtyJMjuEPX9zpSvf__PLUS__uAgZw==: United States of America (USA) (United States Of America (usa))
2025-01-17 14:07:31,201 - INFO - Fetching data from link: https://www.timesjobs.com/job-detail/web-services-support-engineer-kg-tiger-0-to-3-yrs-jobid-E6mVzSqTxl9zpSvf__PLUS__uAgZw==
2025-01-17 14:07:31,307 - INFO - Data fetched from https://www.timesjobs.com/job-detail/statistical-programmer-kg-tiger-7-to-10-yrs-jobid-38V2MySZDPRzpSvf__PLUS__uAgZw==: United States of America (USA) (United States Of America (usa))
2025-01-17 14:07:31,308 - INFO - Fetching data from link: https://www.timesjobs.com/job-detail/senior-java-developer-kg-tiger-2-to-5-yrs-jobid-dZpxZ3MQD3dzpSvf__PLUS__uAgZw==
2025-01-17 14:07:31,334 - INFO - Data fetched from https://www.timesjobs.com/job-detail/applications-analyst-iii-lawson-supply-chain-kg-tiger-5-to-8-yrs-jobid-mL__PLUS__Cgimrn4pzpSvf__PLUS__uAgZw==: United States of America (USA) (United States Of America (usa))
2025-01-17 14:07:31,335 - INFO - Fetching data from link: https://www.timesjobs.com/job-detail/cloud-application-architect-kg-tiger-0-to-3-yrs-jobid-XU2akN7xyFFzpSvf__PLUS__uAgZw==
2025-01-17 14:07:31,607 - INFO - Data fetched from https://www.timesjobs.com/job-detail/senior-data-developer-kg-tiger-0-to-3-yrs-jobid-BDpGE5IiudNzpSvf__PLUS__uAgZw==: United States of America (USA) (United States Of America (usa))
2025-01-17 14:07:31,610 - INFO - Fetching data from link: https://www.timesjobs.com/job-detail/cloud-solutions-architect-hitachi-solutions-ltd-1-to-5-yrs-jobid-x0WTuHQX3hhzpSvf__PLUS__uAgZw==
2025-01-17 14:07:31,646 - INFO - Data fetched from https://www.timesjobs.com/job-detail/application-support-engineer-kg-tiger-0-to-3-yrs-jobid-mJ0zW6lGWO9zpSvf__PLUS__uAgZw==: United States of America (USA) (United States Of America (usa))
2025-01-17 14:07:31,646 - INFO - Fetching data from link: https://www.timesjobs.com/job-detail/senior-sw-release-manager-aeris-communications-7-to-10-yrs-jobid-HxCQKxLylP1zpSvf__PLUS__uAgZw==
2025-01-17 14:07:31,667 - INFO - Data fetched from https://www.timesjobs.com/job-detail/ibm-websphere-portal-architect-kg-tiger-0-to-3-yrs-jobid-xZEkn4HnX41zpSvf__PLUS__uAgZw==: United States of America (USA) (United States Of America (usa))
2025-01-17 14:07:31,668 - INFO - Fetching data from link: https://www.timesjobs.com/job-detail/sr-software-engineer-aeris-communications-7-to-10-yrs-jobid-b6pH0EBQwuRzpSvf__PLUS__uAgZw==
2025-01-17 14:07:31,969 - INFO - Data fetched from https://www.timesjobs.com/job-detail/web-services-support-engineer-kg-tiger-0-to-3-yrs-jobid-E6mVzSqTxl9zpSvf__PLUS__uAgZw==: United States of America (USA) (United States Of America (usa))
2025-01-17 14:07:31,970 - INFO - Fetching data from link: https://www.timesjobs.com/job-detail/software-engineer-aeris-communications-6-to-8-yrs-jobid-qn9PODPAvStzpSvf__PLUS__uAgZw==
2025-01-17 14:07:32,004 - INFO - Data fetched from https://www.timesjobs.com/job-detail/cloud-application-architect-kg-tiger-0-to-3-yrs-jobid-XU2akN7xyFFzpSvf__PLUS__uAgZw==: United States of America (USA) (United States Of America (usa))
2025-01-17 14:07:32,005 - INFO - Fetching data from link: https://www.timesjobs.com/job-detail/devops-engineer-aeris-communications-7-to-10-yrs-jobid-qrYdDuoi0K9zpSvf__PLUS__uAgZw==
2025-01-17 14:07:32,064 - INFO - Data fetched from https://www.timesjobs.com/job-detail/senior-java-developer-kg-tiger-2-to-5-yrs-jobid-dZpxZ3MQD3dzpSvf__PLUS__uAgZw==: United States of America (USA) (United States Of America (usa))
2025-01-17 14:07:32,064 - INFO - Fetching data from link: https://www.timesjobs.com/job-detail/observability-architect-aeris-communications-7-to-10-yrs-jobid-caDdcUmUZClzpSvf__PLUS__uAgZw==
2025-01-17 14:07:32,408 - INFO - Data fetched from https://www.timesjobs.com/job-detail/senior-sw-release-manager-aeris-communications-7-to-10-yrs-jobid-HxCQKxLylP1zpSvf__PLUS__uAgZw==: Romania (Romania)
2025-01-17 14:07:32,412 - INFO - Data fetched from https://www.timesjobs.com/job-detail/sr-software-engineer-aeris-communications-7-to-10-yrs-jobid-b6pH0EBQwuRzpSvf__PLUS__uAgZw==: null (Null), Delhi (Delhi), Bengaluru/ Bangalore (Karnataka), Delhi/ NCR (Delhi), Noida/ Greater Noida (Uttar Pradesh)
2025-01-17 14:07:32,413 - INFO - Fetching data from link: https://www.timesjobs.com/job-detail/level-2-5-bss-engineer-aeris-communications-3-to-5-yrs-jobid-Bv2RNDws68FzpSvf__PLUS__uAgZw==
2025-01-17 14:07:32,419 - INFO - Fetching data from link: https://www.timesjobs.com/job-detail/technical-architect-aeris-communications-3-to-8-yrs-jobid-2R435seVex5zpSvf__PLUS__uAgZw==
2025-01-17 14:07:32,424 - INFO - Data fetched from https://www.timesjobs.com/job-detail/cloud-solutions-architect-hitachi-solutions-ltd-1-to-5-yrs-jobid-x0WTuHQX3hhzpSvf__PLUS__uAgZw==: Costa Rica (Costa Rica)
2025-01-17 14:07:32,426 - INFO - Fetching data from link: https://www.timesjobs.com/job-detail/director-qualdev-aeris-communications-9-to-15-yrs-jobid-dmXlCx__PLUS__p9t5zpSvf__PLUS__uAgZw==
2025-01-17 14:07:32,610 - INFO - Data fetched from https://www.timesjobs.com/job-detail/software-engineer-aeris-communications-6-to-8-yrs-jobid-qn9PODPAvStzpSvf__PLUS__uAgZw==: null (Null), Noida/ Greater Noida (Uttar Pradesh)
2025-01-17 14:07:32,610 - INFO - Fetching data from link: https://www.timesjobs.com/job-detail/system-software-engineer-embedded-power-management-rdss-intern-nvidia-graphics-pvt-ltd-5-to-7-yrs-jobid-N6DTAA6i099zpSvf__PLUS__uAgZw==
2025-01-17 14:07:32,674 - INFO - Data fetched from https://www.timesjobs.com/job-detail/devops-engineer-aeris-communications-7-to-10-yrs-jobid-qrYdDuoi0K9zpSvf__PLUS__uAgZw==: null (Null), Delhi (Delhi), Bengaluru/ Bangalore (Karnataka), Delhi/ NCR (Delhi), Noida/ Greater Noida (Uttar Pradesh)
2025-01-17 14:07:32,674 - INFO - Fetching data from link: https://www.timesjobs.com/job-detail/system-software-engineer-usb-rdss-intern-nvidia-graphics-pvt-ltd-5-to-7-yrs-jobid-__SLASH__z8pUBRRdTtzpSvf__PLUS__uAgZw==
2025-01-17 14:07:32,737 - INFO - Data fetched from https://www.timesjobs.com/job-detail/observability-architect-aeris-communications-7-to-10-yrs-jobid-caDdcUmUZClzpSvf__PLUS__uAgZw==: Romania (Romania)
2025-01-17 14:07:32,738 - INFO - Fetching data from link: https://www.timesjobs.com/job-detail/research-intern-deep-learning-and-artificial-intelligence-2025-nvidia-graphics-pvt-ltd-1-to-5-yrs-jobid-Jzl92oIv6e1zpSvf__PLUS__uAgZw==
2025-01-17 14:07:33,058 - INFO - Data fetched from https://www.timesjobs.com/job-detail/level-2-5-bss-engineer-aeris-communications-3-to-5-yrs-jobid-Bv2RNDws68FzpSvf__PLUS__uAgZw==: Romania (Romania)
2025-01-17 14:07:33,068 - INFO - Fetching data from link: https://www.timesjobs.com/job-detail/associate-technical-consultant-blue-yonder-1-to-3-yrs-jobid-Z6U4JgeSkTBzpSvf__PLUS__uAgZw==
2025-01-17 14:07:33,125 - INFO - Data fetched from https://www.timesjobs.com/job-detail/director-qualdev-aeris-communications-9-to-15-yrs-jobid-dmXlCx__PLUS__p9t5zpSvf__PLUS__uAgZw==: null (Null), Delhi (Delhi), Bengaluru/ Bangalore (Karnataka), Delhi/ NCR (Delhi), Noida/ Greater Noida (Uttar Pradesh)
2025-01-17 14:07:33,126 - INFO - Fetching data from link: https://www.timesjobs.com/job-detail/associate-technical-consultant-blue-yonder-1-to-3-yrs-jobid-__PLUS__Xgc1Nzx69ZzpSvf__PLUS__uAgZw==
2025-01-17 14:07:33,131 - INFO - Data fetched from https://www.timesjobs.com/job-detail/technical-architect-aeris-communications-3-to-8-yrs-jobid-2R435seVex5zpSvf__PLUS__uAgZw==: null (Null), Delhi (Delhi), Bengaluru/ Bangalore (Karnataka), Delhi/ NCR (Delhi), Noida/ Greater Noida (Uttar Pradesh)
2025-01-17 14:07:33,132 - INFO - Fetching data from link: https://www.timesjobs.com/job-detail/senior-software-qa-engineer-c-civil-engineering-software-autodesk-india-pvt-ltd-1-to-5-yrs-jobid-Iy__SLASH__LZbDm3OxzpSvf__PLUS__uAgZw==
2025-01-17 14:07:33,228 - INFO - Data fetched from https://www.timesjobs.com/job-detail/system-software-engineer-usb-rdss-intern-nvidia-graphics-pvt-ltd-5-to-7-yrs-jobid-__SLASH__z8pUBRRdTtzpSvf__PLUS__uAgZw==: Taiwan (Taiwan)
2025-01-17 14:07:33,241 - INFO - Fetching data from link: https://www.timesjobs.com/job-detail/software-development-engineer-adobe-experience-platform-adobe-systems-ltd-3-to-6-yrs-jobid-Nri2IO9pouFzpSvf__PLUS__uAgZw==
2025-01-17 14:07:33,265 - INFO - Data fetched from https://www.timesjobs.com/job-detail/system-software-engineer-embedded-power-management-rdss-intern-nvidia-graphics-pvt-ltd-5-to-7-yrs-jobid-N6DTAA6i099zpSvf__PLUS__uAgZw==: Taiwan (Taiwan)
2025-01-17 14:07:33,277 - INFO - Fetching data from link: https://www.timesjobs.com/job-detail/senior-software-development-engineer-automation-engineering-adobe-systems-ltd-5-to-7-yrs-jobid-Sr51ykg3B2FzpSvf__PLUS__uAgZw==
2025-01-17 14:07:33,301 - INFO - Data fetched from https://www.timesjobs.com/job-detail/research-intern-deep-learning-and-artificial-intelligence-2025-nvidia-graphics-pvt-ltd-1-to-5-yrs-jobid-Jzl92oIv6e1zpSvf__PLUS__uAgZw==: Taiwan (Taiwan)
2025-01-17 14:07:33,302 - INFO - Fetching data from link: https://www.timesjobs.com/job-detail/3pillar-senior-software-engineer-c-mongodb-brickred-3pillar-global-5-to-9-yrs-jobid-gcWevr__PLUS__zhJ1zpSvf__PLUS__uAgZw==
2025-01-17 14:07:33,905 - INFO - Data fetched from https://www.timesjobs.com/job-detail/associate-technical-consultant-blue-yonder-1-to-3-yrs-jobid-__PLUS__Xgc1Nzx69ZzpSvf__PLUS__uAgZw==: Poland (Poland)
2025-01-17 14:07:33,930 - INFO - Fetching data from link: https://www.timesjobs.com/job-detail/3pillar-senior-software-engineer-c-mongodb-brickred-3pillar-global-5-to-8-yrs-jobid-84bnYNn1hBtzpSvf__PLUS__uAgZw==
2025-01-17 14:07:33,981 - INFO - Data fetched from https://www.timesjobs.com/job-detail/senior-software-development-engineer-automation-engineering-adobe-systems-ltd-5-to-7-yrs-jobid-Sr51ykg3B2FzpSvf__PLUS__uAgZw==: Romania (Romania)
2025-01-17 14:07:33,982 - INFO - Data fetched from https://www.timesjobs.com/job-detail/associate-technical-consultant-blue-yonder-1-to-3-yrs-jobid-Z6U4JgeSkTBzpSvf__PLUS__uAgZw==: Poland (Poland)
2025-01-17 14:07:33,998 - INFO - Fetching data from link: https://www.timesjobs.com/job-detail/3pillar-senior-software-engineer-c-mongodb-brickred-3pillar-global-5-to-8-yrs-jobid-T7Y0d3cf__PLUS__UtzpSvf__PLUS__uAgZw==
2025-01-17 14:07:34,005 - INFO - Fetching data from link: https://www.timesjobs.com/job-detail/member-frontline-cashier-walmart-india-0-to-3-yrs-jobid-1iurEI0isUBzpSvf__PLUS__uAgZw==
2025-01-17 14:07:34,009 - INFO - Data fetched from https://www.timesjobs.com/job-detail/senior-software-qa-engineer-c-civil-engineering-software-autodesk-india-pvt-ltd-1-to-5-yrs-jobid-Iy__SLASH__LZbDm3OxzpSvf__PLUS__uAgZw==: Poland (Poland)
2025-01-17 14:07:34,019 - INFO - Fetching data from link: https://www.timesjobs.com/job-detail/senior-software-engineer-multiple-roles-microsoft-india-pvt-ltd-3-to-5-yrs-jobid-U6kMi0K6U3FzpSvf__PLUS__uAgZw==
2025-01-17 14:07:34,131 - INFO - Data fetched from https://www.timesjobs.com/job-detail/software-development-engineer-adobe-experience-platform-adobe-systems-ltd-3-to-6-yrs-jobid-Nri2IO9pouFzpSvf__PLUS__uAgZw==: Romania (Romania)
2025-01-17 14:07:34,142 - INFO - Data fetched from https://www.timesjobs.com/job-detail/3pillar-senior-software-engineer-c-mongodb-brickred-3pillar-global-5-to-9-yrs-jobid-gcWevr__PLUS__zhJ1zpSvf__PLUS__uAgZw==: Moldova (Moldova)
2025-01-17 14:07:34,142 - INFO - Fetching data from link: https://www.timesjobs.com/job-detail/member-frontline-cashier-walmart-india-0-to-3-yrs-jobid-nItHlSd0dzNzpSvf__PLUS__uAgZw==
2025-01-17 14:07:34,148 - INFO - Fetching data from link: https://www.timesjobs.com/job-detail/deep-learning-algorithm-engineering-intern-2025-nvidia-graphics-pvt-ltd-0-to-1-yrs-jobid-onWgZ64l__PLUS__VhzpSvf__PLUS__uAgZw==
2025-01-17 14:07:34,578 - INFO - Data fetched from https://www.timesjobs.com/job-detail/3pillar-senior-software-engineer-c-mongodb-brickred-3pillar-global-5-to-8-yrs-jobid-T7Y0d3cf__PLUS__UtzpSvf__PLUS__uAgZw==: Romania (Romania)
2025-01-17 14:07:34,579 - INFO - Fetching data from link: https://www.timesjobs.com/job-detail/implementation-consultant-pharmacovigilance-safety-systems-veeva-systems-3-to-6-yrs-jobid-D2uuzs8TNmBzpSvf__PLUS__uAgZw==
2025-01-17 14:07:34,781 - INFO - Data fetched from https://www.timesjobs.com/job-detail/member-frontline-cashier-walmart-india-0-to-3-yrs-jobid-1iurEI0isUBzpSvf__PLUS__uAgZw==: United States of America (USA) (United States Of America (usa))
2025-01-17 14:07:34,782 - INFO - Fetching data from link: https://www.timesjobs.com/job-detail/salesforce-revenue-cloud-cpq-billing-solution-architects-a5-3-to-5-yrs-jobid-pvTugYZPYM5zpSvf__PLUS__uAgZw==
2025-01-17 14:07:35,053 - INFO - Data fetched from https://www.timesjobs.com/job-detail/senior-software-engineer-multiple-roles-microsoft-india-pvt-ltd-3-to-5-yrs-jobid-U6kMi0K6U3FzpSvf__PLUS__uAgZw==: Estonia (Estonia)
2025-01-17 14:07:35,059 - INFO - Fetching data from link: https://www.timesjobs.com/job-detail/salesforce-sales-service-cloud-solution-architect-a5-5-to-8-yrs-jobid-IJzrafJpcX5zpSvf__PLUS__uAgZw==
2025-01-17 14:07:35,068 - INFO - Data fetched from https://www.timesjobs.com/job-detail/3pillar-senior-software-engineer-c-mongodb-brickred-3pillar-global-5-to-8-yrs-jobid-84bnYNn1hBtzpSvf__PLUS__uAgZw==: Czech Republic (Czech Republic)
2025-01-17 14:07:35,068 - INFO - Fetching data from link: https://www.timesjobs.com/job-detail/jd-full-stack-developer-6-degrees-it-pvt-ltd-3-to-5-yrs-jobid-U__SLASH__HqMt6HfqRzpSvf__PLUS__uAgZw==
2025-01-17 14:07:35,321 - INFO - Data fetched from https://www.timesjobs.com/job-detail/member-frontline-cashier-walmart-india-0-to-3-yrs-jobid-nItHlSd0dzNzpSvf__PLUS__uAgZw==: United States of America (USA) (United States Of America (usa))
2025-01-17 14:07:35,322 - INFO - Fetching data from link: https://www.timesjobs.com/job-detail/senior-computer-scientist-adobe-systems-ltd-9-to-12-yrs-jobid-HMzMIXAkV__PLUS__xzpSvf__PLUS__uAgZw==
2025-01-17 14:07:35,444 - INFO - Data fetched from https://www.timesjobs.com/job-detail/deep-learning-algorithm-engineering-intern-2025-nvidia-graphics-pvt-ltd-0-to-1-yrs-jobid-onWgZ64l__PLUS__VhzpSvf__PLUS__uAgZw==: Poland (Poland)
2025-01-17 14:07:35,445 - INFO - Fetching data from link: https://www.timesjobs.com/job-detail/microsoft-dynamics-d365-f-o-technical-alpharithm-technologies-pvt-ltd-0-to-3-yrs-jobid-PZRtPggmPWpzpSvf__PLUS__uAgZw==
2025-01-17 14:07:35,894 - INFO - Data fetched from https://www.timesjobs.com/job-detail/implementation-consultant-pharmacovigilance-safety-systems-veeva-systems-3-to-6-yrs-jobid-D2uuzs8TNmBzpSvf__PLUS__uAgZw==: United Kingdom (UK) (United Kingdom (uk))
2025-01-17 14:07:35,894 - INFO - Fetching data from link: https://www.timesjobs.com/job-detail/d365-f-o-functional-finance-and-scm-alpharithm-technologies-pvt-ltd-5-to-8-yrs-jobid-vJ__PLUS__bbozih9BzpSvf__PLUS__uAgZw==
2025-01-17 14:07:36,006 - INFO - Data fetched from https://www.timesjobs.com/job-detail/salesforce-revenue-cloud-cpq-billing-solution-architects-a5-3-to-5-yrs-jobid-pvTugYZPYM5zpSvf__PLUS__uAgZw==: United States of America (USA) (United States Of America (usa)), Canada (Canada)
2025-01-17 14:07:36,007 - INFO - Fetching data from link: https://www.timesjobs.com/job-detail/data-analysts-zoxima-solutions-pvt-ltd-3-to-8-yrs-jobid-4Rbxa8RcNpVzpSvf__PLUS__uAgZw==
2025-01-17 14:07:36,481 - INFO - Data fetched from https://www.timesjobs.com/job-detail/senior-computer-scientist-adobe-systems-ltd-9-to-12-yrs-jobid-HMzMIXAkV__PLUS__xzpSvf__PLUS__uAgZw==: null (Null), Noida/ Greater Noida (Uttar Pradesh)
2025-01-17 14:07:36,481 - INFO - Fetching data from link: https://www.timesjobs.com/job-detail/sfdc-developer-zoxima-solutions-pvt-ltd-3-to-6-yrs-jobid-iR__SLASH__fYIuehNZzpSvf__PLUS__uAgZw==
2025-01-17 14:07:36,487 - INFO - Data fetched from https://www.timesjobs.com/job-detail/microsoft-dynamics-d365-f-o-technical-alpharithm-technologies-pvt-ltd-0-to-3-yrs-jobid-PZRtPggmPWpzpSvf__PLUS__uAgZw==: United Kingdom (UK) (United Kingdom (uk))
2025-01-17 14:07:36,487 - INFO - Fetching data from link: https://www.timesjobs.com/job-detail/ui-ux-designer-z-index-1-to-3-yrs-jobid-iljaQshoTY5zpSvf__PLUS__uAgZw==
2025-01-17 14:07:36,506 - INFO - Data fetched from https://www.timesjobs.com/job-detail/salesforce-sales-service-cloud-solution-architect-a5-5-to-8-yrs-jobid-IJzrafJpcX5zpSvf__PLUS__uAgZw==: United States of America (USA) (United States Of America (usa)), Canada (Canada)
2025-01-17 14:07:36,512 - INFO - Fetching data from link: https://www.timesjobs.com/job-detail/flutter-developer-z-index-1-to-4-yrs-jobid-tbsg__SLASH__K7wBCFzpSvf__PLUS__uAgZw==
2025-01-17 14:07:36,522 - INFO - Data fetched from https://www.timesjobs.com/job-detail/jd-full-stack-developer-6-degrees-it-pvt-ltd-3-to-5-yrs-jobid-U__SLASH__HqMt6HfqRzpSvf__PLUS__uAgZw==: United States of America (USA) (United States Of America (usa))
2025-01-17 14:07:36,524 - INFO - Fetching data from link: https://www.timesjobs.com/job-detail/full-stack-developer-white-rabbit-group-white-rabbit-group-4-to-7-yrs-jobid-S__PLUS__gYDyGJKPlzpSvf__PLUS__uAgZw==
2025-01-17 14:07:37,237 - INFO - Data fetched from https://www.timesjobs.com/job-detail/data-analysts-zoxima-solutions-pvt-ltd-3-to-8-yrs-jobid-4Rbxa8RcNpVzpSvf__PLUS__uAgZw==: United States of America (USA) (United States Of America (usa))
2025-01-17 14:07:37,237 - INFO - Fetching data from link: https://www.timesjobs.com/job-detail/ui-specialist-white-rabbit-group-white-rabbit-group-6-to-9-yrs-jobid-8hRENebYiTxzpSvf__PLUS__uAgZw==
2025-01-17 14:07:37,262 - INFO - Data fetched from https://www.timesjobs.com/job-detail/d365-f-o-functional-finance-and-scm-alpharithm-technologies-pvt-ltd-5-to-8-yrs-jobid-vJ__PLUS__bbozih9BzpSvf__PLUS__uAgZw==: United Kingdom (UK) (United Kingdom (uk))
2025-01-17 14:07:37,262 - INFO - Fetching data from link: https://www.timesjobs.com/job-detail/ui-designer-white-orange-software-0-to-3-yrs-jobid-6K9YvcloqVtzpSvf__PLUS__uAgZw==
2025-01-17 14:07:37,584 - INFO - Data fetched from https://www.timesjobs.com/job-detail/sfdc-developer-zoxima-solutions-pvt-ltd-3-to-6-yrs-jobid-iR__SLASH__fYIuehNZzpSvf__PLUS__uAgZw==: United States of America (USA) (United States Of America (usa))
2025-01-17 14:07:37,585 - INFO - Fetching data from link: https://www.timesjobs.com/job-detail/ios-developer-white-orange-software-0-to-3-yrs-jobid-Xe__PLUS__IsyEr__SLASH__RBzpSvf__PLUS__uAgZw==
2025-01-17 14:07:37,879 - INFO - Data fetched from https://www.timesjobs.com/job-detail/flutter-developer-z-index-1-to-4-yrs-jobid-tbsg__SLASH__K7wBCFzpSvf__PLUS__uAgZw==: United States of America (USA) (United States Of America (usa))
2025-01-17 14:07:37,913 - INFO - Fetching data from link: https://www.timesjobs.com/job-detail/android-developer-white-orange-software-0-to-3-yrs-jobid-x1gn1sXK4tVzpSvf__PLUS__uAgZw==
2025-01-17 14:07:37,917 - INFO - Data fetched from https://www.timesjobs.com/job-detail/full-stack-developer-white-rabbit-group-white-rabbit-group-4-to-7-yrs-jobid-S__PLUS__gYDyGJKPlzpSvf__PLUS__uAgZw==: Colombia (Colombia)
2025-01-17 14:07:37,930 - INFO - Fetching data from link: https://www.timesjobs.com/job-detail/frontend-developer-white-orange-software-0-to-3-yrs-jobid-tdWrua5mtblzpSvf__PLUS__uAgZw==
2025-01-17 14:07:37,931 - INFO - Data fetched from https://www.timesjobs.com/job-detail/ui-ux-designer-z-index-1-to-3-yrs-jobid-iljaQshoTY5zpSvf__PLUS__uAgZw==: null (Null), Rajkot (Gujarat)
2025-01-17 14:07:37,933 - INFO - Fetching data from link: https://www.timesjobs.com/job-detail/laravel-developer-white-orange-software-0-to-3-yrs-jobid-Z__SLASH__HeHeJjJopzpSvf__PLUS__uAgZw==
2025-01-17 14:07:38,828 - INFO - Data fetched from https://www.timesjobs.com/job-detail/ui-designer-white-orange-software-0-to-3-yrs-jobid-6K9YvcloqVtzpSvf__PLUS__uAgZw==: United States of America (USA) (United States Of America (usa))
2025-01-17 14:07:38,829 - INFO - Fetching data from link: https://www.timesjobs.com/job-detail/magento-developer-white-orange-software-0-to-3-yrs-jobid-Wyfzdyc8UitzpSvf__PLUS__uAgZw==
2025-01-17 14:07:38,958 - INFO - Data fetched from https://www.timesjobs.com/job-detail/ios-developer-white-orange-software-0-to-3-yrs-jobid-Xe__PLUS__IsyEr__SLASH__RBzpSvf__PLUS__uAgZw==: United States of America (USA) (United States Of America (usa))
2025-01-17 14:07:38,964 - INFO - Fetching data from link: https://www.timesjobs.com/job-detail/php-developer-white-orange-software-0-to-3-yrs-jobid-tOPBt9ps4CpzpSvf__PLUS__uAgZw==
2025-01-17 14:07:38,983 - INFO - Data fetched from https://www.timesjobs.com/job-detail/ui-specialist-white-rabbit-group-white-rabbit-group-6-to-9-yrs-jobid-8hRENebYiTxzpSvf__PLUS__uAgZw==: Colombia (Colombia)
2025-01-17 14:07:38,985 - INFO - Fetching data from link: https://www.timesjobs.com/job-detail/veeva-systems-senior-engineer-full-stack-remote-veeva-systems-7-to-10-yrs-jobid-aleZwZ6kQJNzpSvf__PLUS__uAgZw==
2025-01-17 14:07:39,044 - INFO - Data fetched from https://www.timesjobs.com/job-detail/frontend-developer-white-orange-software-0-to-3-yrs-jobid-tdWrua5mtblzpSvf__PLUS__uAgZw==: United States of America (USA) (United States Of America (usa))
2025-01-17 14:07:39,048 - INFO - Data fetched from https://www.timesjobs.com/job-detail/laravel-developer-white-orange-software-0-to-3-yrs-jobid-Z__SLASH__HeHeJjJopzpSvf__PLUS__uAgZw==: United States of America (USA) (United States Of America (usa))
2025-01-17 14:07:39,049 - INFO - Fetching data from link: https://www.timesjobs.com/job-detail/customer-success-consultant-rtsm-veeva-systems-0-to-3-yrs-jobid-M9i0wN__SLASH__NTOZzpSvf__PLUS__uAgZw==
2025-01-17 14:07:39,056 - INFO - Data fetched from https://www.timesjobs.com/job-detail/android-developer-white-orange-software-0-to-3-yrs-jobid-x1gn1sXK4tVzpSvf__PLUS__uAgZw==: United States of America (USA) (United States Of America (usa))
2025-01-17 14:07:39,056 - INFO - Fetching data from link: https://www.timesjobs.com/job-detail/technical-consultant-rtsm-veeva-systems-2-to-5-yrs-jobid-PJnHK73yz6pzpSvf__PLUS__uAgZw==
2025-01-17 14:07:39,059 - INFO - Fetching data from link: https://www.timesjobs.com/job-detail/analyst-computer-software-validation-veeva-systems-1-to-4-yrs-jobid-8qN4amAR8NJzpSvf__PLUS__uAgZw==
2025-01-17 14:07:39,364 - INFO - Data fetched from https://www.timesjobs.com/job-detail/magento-developer-white-orange-software-0-to-3-yrs-jobid-Wyfzdyc8UitzpSvf__PLUS__uAgZw==: United States of America (USA) (United States Of America (usa))
2025-01-17 14:07:39,365 - INFO - Fetching data from link: https://www.timesjobs.com/job-detail/senior-architect-commercial-life-sciences-veeva-systems-5-to-8-yrs-jobid-YiZPDo7rnbJzpSvf__PLUS__uAgZw==
2025-01-17 14:07:39,412 - INFO - Data fetched from https://www.timesjobs.com/job-detail/veeva-systems-senior-engineer-full-stack-remote-veeva-systems-7-to-10-yrs-jobid-aleZwZ6kQJNzpSvf__PLUS__uAgZw==: Poland (Poland)
2025-01-17 14:07:39,412 - INFO - Fetching data from link: https://www.timesjobs.com/job-detail/senior-architect-commercial-life-sciences-veeva-systems-5-to-8-yrs-jobid-kL__SLASH__VmkLoQk5zpSvf__PLUS__uAgZw==
2025-01-17 14:07:39,434 - INFO - Data fetched from https://www.timesjobs.com/job-detail/php-developer-white-orange-software-0-to-3-yrs-jobid-tOPBt9ps4CpzpSvf__PLUS__uAgZw==: United States of America (USA) (United States Of America (usa))
2025-01-17 14:07:39,434 - INFO - Fetching data from link: https://www.timesjobs.com/job-detail/senior-architect-commercial-life-sciences-veeva-systems-5-to-8-yrs-jobid-XQxZcRk2RG9zpSvf__PLUS__uAgZw==
2025-01-17 14:07:39,573 - INFO - Data fetched from https://www.timesjobs.com/job-detail/analyst-computer-software-validation-veeva-systems-1-to-4-yrs-jobid-8qN4amAR8NJzpSvf__PLUS__uAgZw==: Croatia (Croatia)
2025-01-17 14:07:39,574 - INFO - Fetching data from link: https://www.timesjobs.com/job-detail/senior-quality-engineer-infrastructure-veeva-systems-0-to-3-yrs-jobid-LXzZOsT9l8tzpSvf__PLUS__uAgZw==
2025-01-17 14:07:39,696 - INFO - Data fetched from https://www.timesjobs.com/job-detail/customer-success-consultant-rtsm-veeva-systems-0-to-3-yrs-jobid-M9i0wN__SLASH__NTOZzpSvf__PLUS__uAgZw==: Croatia (Croatia)
2025-01-17 14:07:39,698 - INFO - Data fetched from https://www.timesjobs.com/job-detail/technical-consultant-rtsm-veeva-systems-2-to-5-yrs-jobid-PJnHK73yz6pzpSvf__PLUS__uAgZw==: Croatia (Croatia)
2025-01-17 14:07:39,699 - INFO - Fetching data from link: https://www.timesjobs.com/job-detail/senior-quality-engineer-veeva-systems-2-to-3-yrs-jobid-ruPgWYn__SLASH__NVVzpSvf__PLUS__uAgZw==
2025-01-17 14:07:39,699 - INFO - Fetching data from link: https://www.timesjobs.com/job-detail/associate-quality-engineer-infrastructure-veeva-systems-2-to-3-yrs-jobid-ypn0xXrXIzJzpSvf__PLUS__uAgZw==
2025-01-17 14:07:40,122 - INFO - Data fetched from https://www.timesjobs.com/job-detail/senior-architect-commercial-life-sciences-veeva-systems-5-to-8-yrs-jobid-kL__SLASH__VmkLoQk5zpSvf__PLUS__uAgZw==: United States of America (USA) (United States Of America (usa))
2025-01-17 14:07:40,134 - INFO - Fetching data from link: https://www.timesjobs.com/job-detail/associate-quality-engineer-veeva-systems-2-to-3-yrs-jobid-1rxL__SLASH__yLzdAtzpSvf__PLUS__uAgZw==
2025-01-17 14:07:40,193 - INFO - Data fetched from https://www.timesjobs.com/job-detail/senior-architect-commercial-life-sciences-veeva-systems-5-to-8-yrs-jobid-YiZPDo7rnbJzpSvf__PLUS__uAgZw==: United States of America (USA) (United States Of America (usa))
2025-01-17 14:07:40,194 - INFO - Fetching data from link: https://www.timesjobs.com/job-detail/lead-product-designer-veeva-systems-7-to-10-yrs-jobid-tEb1lfN0sXJzpSvf__PLUS__uAgZw==
2025-01-17 14:07:40,227 - INFO - Data fetched from https://www.timesjobs.com/job-detail/senior-quality-engineer-infrastructure-veeva-systems-0-to-3-yrs-jobid-LXzZOsT9l8tzpSvf__PLUS__uAgZw==: United States of America (USA) (United States Of America (usa))
2025-01-17 14:07:40,240 - INFO - Fetching data from link: https://www.timesjobs.com/job-detail/lead-product-designer-veeva-labs-veeva-systems-7-to-10-yrs-jobid-fmFkV9k12HJzpSvf__PLUS__uAgZw==
2025-01-17 14:07:40,264 - INFO - Data fetched from https://www.timesjobs.com/job-detail/associate-quality-engineer-infrastructure-veeva-systems-2-to-3-yrs-jobid-ypn0xXrXIzJzpSvf__PLUS__uAgZw==: United States of America (USA) (United States Of America (usa))
2025-01-17 14:07:40,272 - INFO - Fetching data from link: https://www.timesjobs.com/job-detail/director-vault-safety-suite-veeva-systems-5-to-8-yrs-jobid-q1e__SLASH__YM9CGolzpSvf__PLUS__uAgZw==
2025-01-17 14:07:40,297 - INFO - Data fetched from https://www.timesjobs.com/job-detail/senior-architect-commercial-life-sciences-veeva-systems-5-to-8-yrs-jobid-XQxZcRk2RG9zpSvf__PLUS__uAgZw==: United States of America (USA) (United States Of America (usa))
2025-01-17 14:07:40,298 - INFO - Fetching data from link: https://www.timesjobs.com/job-detail/senior-business-consultant-life-sciences-r-d-veeva-systems-5-to-8-yrs-jobid-mFPcGqqKp__PLUS__VzpSvf__PLUS__uAgZw==
2025-01-17 14:07:40,369 - INFO - Data fetched from https://www.timesjobs.com/job-detail/senior-quality-engineer-veeva-systems-2-to-3-yrs-jobid-ruPgWYn__SLASH__NVVzpSvf__PLUS__uAgZw==: United States of America (USA) (United States Of America (usa))
2025-01-17 14:07:40,370 - INFO - Fetching data from link: https://www.timesjobs.com/job-detail/business-consultant-life-sciences-r-d-veeva-systems-2-to-5-yrs-jobid-E4fKGUzsAHtzpSvf__PLUS__uAgZw==
2025-01-17 14:07:40,722 - INFO - Data fetched from https://www.timesjobs.com/job-detail/associate-quality-engineer-veeva-systems-2-to-3-yrs-jobid-1rxL__SLASH__yLzdAtzpSvf__PLUS__uAgZw==: United States of America (USA) (United States Of America (usa))
2025-01-17 14:07:40,723 - INFO - Fetching data from link: https://www.timesjobs.com/job-detail/performance-engineer-veeva-systems-6-to-9-yrs-jobid-T8P6c4pe2aZzpSvf__PLUS__uAgZw==
2025-01-17 14:07:40,764 - INFO - Data fetched from https://www.timesjobs.com/job-detail/lead-product-designer-veeva-labs-veeva-systems-7-to-10-yrs-jobid-fmFkV9k12HJzpSvf__PLUS__uAgZw==: United States of America (USA) (United States Of America (usa))
2025-01-17 14:07:40,768 - INFO - Data fetched from https://www.timesjobs.com/job-detail/director-vault-safety-suite-veeva-systems-5-to-8-yrs-jobid-q1e__SLASH__YM9CGolzpSvf__PLUS__uAgZw==: United States of America (USA) (United States Of America (usa))
2025-01-17 14:07:40,781 - INFO - Fetching data from link: https://www.timesjobs.com/job-detail/associate-consultant-veeva-systems-2-to-5-yrs-jobid-M7T3__SLASH__k__PLUS__3g9lzpSvf__PLUS__uAgZw==
2025-01-17 14:07:40,792 - INFO - Data fetched from https://www.timesjobs.com/job-detail/lead-product-designer-veeva-systems-7-to-10-yrs-jobid-tEb1lfN0sXJzpSvf__PLUS__uAgZw==: United States of America (USA) (United States Of America (usa))
2025-01-17 14:07:40,793 - INFO - Fetching data from link: https://www.timesjobs.com/job-detail/senior-migration-consultant-r-d-remote-veeva-systems-7-to-10-yrs-jobid-CysH1q7x1DdzpSvf__PLUS__uAgZw==
2025-01-17 14:07:40,794 - INFO - Fetching data from link: https://www.timesjobs.com/job-detail/associate-business-consultant-commercial-strategy-veeva-systems-0-to-2-yrs-jobid-ZlfV2N8Sv4JzpSvf__PLUS__uAgZw==
2025-01-17 14:07:40,904 - INFO - Data fetched from https://www.timesjobs.com/job-detail/senior-business-consultant-life-sciences-r-d-veeva-systems-5-to-8-yrs-jobid-mFPcGqqKp__PLUS__VzpSvf__PLUS__uAgZw==: United States of America (USA) (United States Of America (usa))
2025-01-17 14:07:40,905 - INFO - Fetching data from link: https://www.timesjobs.com/job-detail/associate-business-consultant-commercial-strategy-veeva-systems-0-to-2-yrs-jobid-M2sQreVKPXFzpSvf__PLUS__uAgZw==
2025-01-17 14:07:40,931 - INFO - Data fetched from https://www.timesjobs.com/job-detail/business-consultant-life-sciences-r-d-veeva-systems-2-to-5-yrs-jobid-E4fKGUzsAHtzpSvf__PLUS__uAgZw==: United States of America (USA) (United States Of America (usa))
2025-01-17 14:07:40,932 - INFO - Fetching data from link: https://www.timesjobs.com/job-detail/associate-consultant-veeva-systems-2-to-5-yrs-jobid-sp9Vw3b1HEFzpSvf__PLUS__uAgZw==
2025-01-17 14:07:41,195 - INFO - Data fetched from https://www.timesjobs.com/job-detail/performance-engineer-veeva-systems-6-to-9-yrs-jobid-T8P6c4pe2aZzpSvf__PLUS__uAgZw==: United States of America (USA) (United States Of America (usa))
2025-01-17 14:07:41,196 - INFO - Fetching data from link: https://www.timesjobs.com/job-detail/associate-consultant-veeva-systems-0-to-3-yrs-jobid-o5WfHEckUelzpSvf__PLUS__uAgZw==
2025-01-17 14:07:41,267 - INFO - Data fetched from https://www.timesjobs.com/job-detail/senior-migration-consultant-r-d-remote-veeva-systems-7-to-10-yrs-jobid-CysH1q7x1DdzpSvf__PLUS__uAgZw==: United States of America (USA) (United States Of America (usa))
2025-01-17 14:07:41,269 - INFO - Fetching data from link: https://www.timesjobs.com/job-detail/director-crossix-analytics-services-veeva-systems-5-to-8-yrs-jobid-dcvj6r__SLASH__VCi1zpSvf__PLUS__uAgZw==
2025-01-17 14:07:41,313 - INFO - Data fetched from https://www.timesjobs.com/job-detail/associate-business-consultant-commercial-strategy-veeva-systems-0-to-2-yrs-jobid-ZlfV2N8Sv4JzpSvf__PLUS__uAgZw==: United Kingdom (UK) (United Kingdom (uk))
2025-01-17 14:07:41,314 - INFO - Fetching data from link: https://www.timesjobs.com/job-detail/director-crossix-analytics-services-veeva-systems-5-to-8-yrs-jobid-O3glC64IMqRzpSvf__PLUS__uAgZw==
2025-01-17 14:07:41,495 - INFO - Data fetched from https://www.timesjobs.com/job-detail/associate-consultant-veeva-systems-2-to-5-yrs-jobid-M7T3__SLASH__k__PLUS__3g9lzpSvf__PLUS__uAgZw==: United Kingdom (UK) (United Kingdom (uk))
2025-01-17 14:07:41,502 - INFO - Fetching data from link: https://www.timesjobs.com/job-detail/director-crossix-analytics-services-veeva-systems-5-to-8-yrs-jobid-ztLWglyTXDtzpSvf__PLUS__uAgZw==
2025-01-17 14:07:41,518 - INFO - Data fetched from https://www.timesjobs.com/job-detail/associate-consultant-veeva-systems-2-to-5-yrs-jobid-sp9Vw3b1HEFzpSvf__PLUS__uAgZw==: Poland (Poland)
2025-01-17 14:07:41,518 - INFO - Fetching data from link: https://www.timesjobs.com/job-detail/director-crossix-analytics-services-veeva-systems-8-to-11-yrs-jobid-7pz6OJlw6O1zpSvf__PLUS__uAgZw==
2025-01-17 14:07:41,561 - INFO - Data fetched from https://www.timesjobs.com/job-detail/associate-business-consultant-commercial-strategy-veeva-systems-0-to-2-yrs-jobid-M2sQreVKPXFzpSvf__PLUS__uAgZw==: United States of America (USA) (United States Of America (usa))
2025-01-17 14:07:41,562 - INFO - Fetching data from link: https://www.timesjobs.com/job-detail/director-crossix-analytics-services-veeva-systems-8-to-11-yrs-jobid-clyXNKDxXvdzpSvf__PLUS__uAgZw==
2025-01-17 14:07:41,896 - INFO - Data fetched from https://www.timesjobs.com/job-detail/associate-consultant-veeva-systems-0-to-3-yrs-jobid-o5WfHEckUelzpSvf__PLUS__uAgZw==: Hungary (Hungary)
2025-01-17 14:07:41,897 - INFO - Fetching data from link: https://www.timesjobs.com/job-detail/director-crossix-analytics-services-veeva-systems-8-to-11-yrs-jobid-uwerJ1fjUQBzpSvf__PLUS__uAgZw==
2025-01-17 14:07:41,941 - INFO - Data fetched from https://www.timesjobs.com/job-detail/director-crossix-analytics-services-veeva-systems-5-to-8-yrs-jobid-O3glC64IMqRzpSvf__PLUS__uAgZw==: United States of America (USA) (United States Of America (usa))
2025-01-17 14:07:41,948 - INFO - Fetching data from link: https://www.timesjobs.com/job-detail/senior-software-engineer-java-veeva-systems-5-to-8-yrs-jobid-au3gLKHkiu5zpSvf__PLUS__uAgZw==
2025-01-17 14:07:41,962 - INFO - Data fetched from https://www.timesjobs.com/job-detail/director-crossix-analytics-services-veeva-systems-5-to-8-yrs-jobid-dcvj6r__SLASH__VCi1zpSvf__PLUS__uAgZw==: United States of America (USA) (United States Of America (usa))
2025-01-17 14:07:41,962 - INFO - Fetching data from link: https://www.timesjobs.com/job-detail/senior-software-engineer-java-veeva-systems-5-to-8-yrs-jobid-UmmxQqak2dxzpSvf__PLUS__uAgZw==
2025-01-17 14:07:42,030 - INFO - Data fetched from https://www.timesjobs.com/job-detail/director-crossix-analytics-services-veeva-systems-5-to-8-yrs-jobid-ztLWglyTXDtzpSvf__PLUS__uAgZw==: United States of America (USA) (United States Of America (usa))
2025-01-17 14:07:42,031 - INFO - Fetching data from link: https://www.timesjobs.com/job-detail/senior-software-engineer-front-end-veeva-systems-5-to-8-yrs-jobid-2zFUHgOdNSdzpSvf__PLUS__uAgZw==
2025-01-17 14:07:42,055 - INFO - Data fetched from https://www.timesjobs.com/job-detail/director-crossix-analytics-services-veeva-systems-8-to-11-yrs-jobid-clyXNKDxXvdzpSvf__PLUS__uAgZw==: United States of America (USA) (United States Of America (usa))
2025-01-17 14:07:42,055 - INFO - Fetching data from link: https://www.timesjobs.com/job-detail/principal-software-engineer-java-veeva-systems-12-to-15-yrs-jobid-sVUJd6Z2qf9zpSvf__PLUS__uAgZw==
2025-01-17 14:07:42,172 - INFO - Data fetched from https://www.timesjobs.com/job-detail/director-crossix-analytics-services-veeva-systems-8-to-11-yrs-jobid-7pz6OJlw6O1zpSvf__PLUS__uAgZw==: United States of America (USA) (United States Of America (usa))
2025-01-17 14:07:42,173 - INFO - Fetching data from link: https://www.timesjobs.com/job-detail/senior-software-engineer-infrastructure-veeva-systems-5-to-8-yrs-jobid-rKcuT__PLUS__uKQ3BzpSvf__PLUS__uAgZw==
2025-01-17 14:07:42,437 - INFO - Data fetched from https://www.timesjobs.com/job-detail/senior-software-engineer-java-veeva-systems-5-to-8-yrs-jobid-au3gLKHkiu5zpSvf__PLUS__uAgZw==: United States of America (USA) (United States Of America (usa))
2025-01-17 14:07:42,437 - INFO - Fetching data from link: https://www.timesjobs.com/job-detail/senior-software-engineer-front-end-veeva-systems-5-to-8-yrs-jobid-a19LDxeKcqxzpSvf__PLUS__uAgZw==
2025-01-17 14:07:42,600 - INFO - Data fetched from https://www.timesjobs.com/job-detail/senior-software-engineer-java-veeva-systems-5-to-8-yrs-jobid-UmmxQqak2dxzpSvf__PLUS__uAgZw==: United States of America (USA) (United States Of America (usa))
2025-01-17 14:07:42,609 - INFO - Fetching data from link: https://www.timesjobs.com/job-detail/senior-performance-engineer-veeva-systems-6-to-9-yrs-jobid-4lL__PLUS__aq62aBlzpSvf__PLUS__uAgZw==
2025-01-17 14:07:42,627 - INFO - Data fetched from https://www.timesjobs.com/job-detail/principal-software-engineer-java-veeva-systems-12-to-15-yrs-jobid-sVUJd6Z2qf9zpSvf__PLUS__uAgZw==: United States of America (USA) (United States Of America (usa))
2025-01-17 14:07:42,627 - INFO - Fetching data from link: https://www.timesjobs.com/job-detail/principal-software-engineer-java-veeva-systems-12-to-15-yrs-jobid-__SLASH__w9wsYrouMpzpSvf__PLUS__uAgZw==
2025-01-17 14:07:42,649 - INFO - Data fetched from https://www.timesjobs.com/job-detail/director-crossix-analytics-services-veeva-systems-8-to-11-yrs-jobid-uwerJ1fjUQBzpSvf__PLUS__uAgZw==: United States of America (USA) (United States Of America (usa))
2025-01-17 14:07:42,649 - INFO - Fetching data from link: https://www.timesjobs.com/job-detail/principal-software-engineer-java-veeva-systems-12-to-15-yrs-jobid-SZCJkxU__SLASH__wAZzpSvf__PLUS__uAgZw==
2025-01-17 14:07:42,680 - INFO - Data fetched from https://www.timesjobs.com/job-detail/senior-software-engineer-front-end-veeva-systems-5-to-8-yrs-jobid-2zFUHgOdNSdzpSvf__PLUS__uAgZw==: United States of America (USA) (United States Of America (usa))
2025-01-17 14:07:42,681 - INFO - Fetching data from link: https://www.timesjobs.com/job-detail/principal-software-engineer-front-end-veeva-systems-12-to-15-yrs-jobid-0__SLASH__kkw11814lzpSvf__PLUS__uAgZw==
2025-01-17 14:07:43,668 - INFO - Data fetched from https://www.timesjobs.com/job-detail/principal-software-engineer-front-end-veeva-systems-12-to-15-yrs-jobid-0__SLASH__kkw11814lzpSvf__PLUS__uAgZw==: United States of America (USA) (United States Of America (usa))
2025-01-17 14:07:43,669 - INFO - Fetching data from link: https://www.timesjobs.com/job-detail/business-consultant-r-d-veeva-systems-2-to-5-yrs-jobid-Rk8n4__SLASH__1G0r5zpSvf__PLUS__uAgZw==
2025-01-17 14:07:43,716 - INFO - Data fetched from https://www.timesjobs.com/job-detail/senior-software-engineer-infrastructure-veeva-systems-5-to-8-yrs-jobid-rKcuT__PLUS__uKQ3BzpSvf__PLUS__uAgZw==: United States of America (USA) (United States Of America (usa))
2025-01-17 14:07:43,717 - INFO - Fetching data from link: https://www.timesjobs.com/job-detail/devops-engineer-veeva-systems-4-to-7-yrs-jobid-gFgKrOQhG__SLASH__BzpSvf__PLUS__uAgZw==
2025-01-17 14:07:43,758 - INFO - Data fetched from https://www.timesjobs.com/job-detail/principal-software-engineer-java-veeva-systems-12-to-15-yrs-jobid-__SLASH__w9wsYrouMpzpSvf__PLUS__uAgZw==: United States of America (USA) (United States Of America (usa))
2025-01-17 14:07:43,759 - INFO - Fetching data from link: https://www.timesjobs.com/job-detail/senior-business-consultant-r-d-remote-veeva-systems-5-to-8-yrs-jobid-Qpnpqfly2bJzpSvf__PLUS__uAgZw==
2025-01-17 14:07:43,823 - INFO - Data fetched from https://www.timesjobs.com/job-detail/principal-software-engineer-java-veeva-systems-12-to-15-yrs-jobid-SZCJkxU__SLASH__wAZzpSvf__PLUS__uAgZw==: United States of America (USA) (United States Of America (usa))
2025-01-17 14:07:43,831 - INFO - Data fetched from https://www.timesjobs.com/job-detail/senior-performance-engineer-veeva-systems-6-to-9-yrs-jobid-4lL__PLUS__aq62aBlzpSvf__PLUS__uAgZw==: United States of America (USA) (United States Of America (usa))
2025-01-17 14:07:43,831 - INFO - Fetching data from link: https://www.timesjobs.com/job-detail/senior-business-consultant-r-d-veeva-systems-5-to-8-yrs-jobid-CvJOsGAZKB5zpSvf__PLUS__uAgZw==
2025-01-17 14:07:43,832 - INFO - Fetching data from link: https://www.timesjobs.com/job-detail/principal-business-consultant-r-d-regulatory-veeva-systems-10-to-13-yrs-jobid-6Ebhktm__PLUS__WZhzpSvf__PLUS__uAgZw==
2025-01-17 14:07:44,035 - INFO - Data fetched from https://www.timesjobs.com/job-detail/senior-software-engineer-front-end-veeva-systems-5-to-8-yrs-jobid-a19LDxeKcqxzpSvf__PLUS__uAgZw==: United States of America (USA) (United States Of America (usa))
2025-01-17 14:07:44,036 - INFO - Fetching data from link: https://www.timesjobs.com/job-detail/principal-business-consultant-r-d-regulatory-veeva-systems-10-to-13-yrs-jobid-9fjSy9Q1rI9zpSvf__PLUS__uAgZw==
2025-01-17 14:07:44,277 - INFO - Data fetched from https://www.timesjobs.com/job-detail/devops-engineer-veeva-systems-4-to-7-yrs-jobid-gFgKrOQhG__SLASH__BzpSvf__PLUS__uAgZw==: United Kingdom (UK) (United Kingdom (uk))
2025-01-17 14:07:44,279 - INFO - Fetching data from link: https://www.timesjobs.com/job-detail/principal-business-consultant-r-d-clinical-veeva-systems-10-to-13-yrs-jobid-v1k14ECdVltzpSvf__PLUS__uAgZw==
2025-01-17 14:07:44,463 - INFO - Data fetched from https://www.timesjobs.com/job-detail/principal-business-consultant-r-d-regulatory-veeva-systems-10-to-13-yrs-jobid-6Ebhktm__PLUS__WZhzpSvf__PLUS__uAgZw==: United States of America (USA) (United States Of America (usa))
2025-01-17 14:07:44,463 - INFO - Fetching data from link: https://www.timesjobs.com/job-detail/associate-consultant-veeva-systems-0-to-2-yrs-jobid-__SLASH__RH__PLUS__HzY__SLASH__q7hzpSvf__PLUS__uAgZw==
2025-01-17 14:07:44,473 - INFO - Data fetched from https://www.timesjobs.com/job-detail/senior-business-consultant-r-d-remote-veeva-systems-5-to-8-yrs-jobid-Qpnpqfly2bJzpSvf__PLUS__uAgZw==: United States of America (USA) (United States Of America (usa))
2025-01-17 14:07:44,486 - INFO - Fetching data from link: https://www.timesjobs.com/job-detail/senior-qa-engineer-veeva-systems-7-to-10-yrs-jobid-wNZ7J1__PLUS__HAq5zpSvf__PLUS__uAgZw==
2025-01-17 14:07:44,489 - INFO - Data fetched from https://www.timesjobs.com/job-detail/business-consultant-r-d-veeva-systems-2-to-5-yrs-jobid-Rk8n4__SLASH__1G0r5zpSvf__PLUS__uAgZw==: United Kingdom (UK) (United Kingdom (uk))
2025-01-17 14:07:44,502 - INFO - Data fetched from https://www.timesjobs.com/job-detail/senior-business-consultant-r-d-veeva-systems-5-to-8-yrs-jobid-CvJOsGAZKB5zpSvf__PLUS__uAgZw==: United Kingdom (UK) (United Kingdom (uk))
2025-01-17 14:07:44,503 - INFO - Fetching data from link: https://www.timesjobs.com/job-detail/veeva-systems-associate-consultant-veeva-systems-0-to-2-yrs-jobid-0O__SLASH__r9j8WIodzpSvf__PLUS__uAgZw==
2025-01-17 14:07:44,504 - INFO - Fetching data from link: https://www.timesjobs.com/job-detail/ion-group-data-associate-wealthmonitor-ion-trading-india-pvt-ltd-0-to-1-yrs-jobid-KbPR9LMI1flzpSvf__PLUS__uAgZw==
2025-01-17 14:07:44,704 - INFO - Data fetched from https://www.timesjobs.com/job-detail/principal-business-consultant-r-d-regulatory-veeva-systems-10-to-13-yrs-jobid-9fjSy9Q1rI9zpSvf__PLUS__uAgZw==: United Kingdom (UK) (United Kingdom (uk))
2025-01-17 14:07:44,704 - INFO - Fetching data from link: https://www.timesjobs.com/job-detail/ion-group-data-associate-kyc6-ion-trading-india-pvt-ltd-1-to-3-yrs-jobid-fulmNT6VSoVzpSvf__PLUS__uAgZw==
2025-01-17 14:07:45,107 - INFO - Data fetched from https://www.timesjobs.com/job-detail/principal-business-consultant-r-d-clinical-veeva-systems-10-to-13-yrs-jobid-v1k14ECdVltzpSvf__PLUS__uAgZw==: United Kingdom (UK) (United Kingdom (uk))
2025-01-17 14:07:45,168 - INFO - Data fetched from https://www.timesjobs.com/job-detail/associate-consultant-veeva-systems-0-to-2-yrs-jobid-__SLASH__RH__PLUS__HzY__SLASH__q7hzpSvf__PLUS__uAgZw==: United States of America (USA) (United States Of America (usa))
2025-01-17 14:07:45,173 - INFO - Data fetched from https://www.timesjobs.com/job-detail/veeva-systems-associate-consultant-veeva-systems-0-to-2-yrs-jobid-0O__SLASH__r9j8WIodzpSvf__PLUS__uAgZw==: United States of America (USA) (United States Of America (usa))
2025-01-17 14:07:45,268 - INFO - Data fetched from https://www.timesjobs.com/job-detail/ion-group-data-associate-wealthmonitor-ion-trading-india-pvt-ltd-0-to-1-yrs-jobid-KbPR9LMI1flzpSvf__PLUS__uAgZw==: Hungary (Hungary)
2025-01-17 14:07:45,329 - INFO - Data fetched from https://www.timesjobs.com/job-detail/senior-qa-engineer-veeva-systems-7-to-10-yrs-jobid-wNZ7J1__PLUS__HAq5zpSvf__PLUS__uAgZw==: United States of America (USA) (United States Of America (usa))
2025-01-17 14:07:45,478 - INFO - Data fetched from https://www.timesjobs.com/job-detail/ion-group-data-associate-kyc6-ion-trading-india-pvt-ltd-1-to-3-yrs-jobid-fulmNT6VSoVzpSvf__PLUS__uAgZw==: Hungary (Hungary)
2025-01-17 14:07:45,482 - INFO - Fetched missing 'Location' data from job links
2025-01-17 14:07:45,482 - INFO - Inferring job roles for missing values
2025-01-17 14:07:45,482 - INFO - Inferring roles for missing values in 'Role' column
2025-01-17 14:07:45,520 - INFO - Job roles inferred successfully
2025-01-17 14:07:45,521 - INFO - Saving cleaned data to file: /home/ubuntu/Project_DE/Project-Data_Collection_and_Storage_System/src/../data/processed/cleaned_jobs_data.csv
2025-01-17 14:07:45,655 - INFO - Data successfully saved to /home/ubuntu/Project_DE/Project-Data_Collection_and_Storage_System/src/../data/processed/cleaned_jobs_data.csv
2025-01-17 14:07:45,656 - INFO - Data cleaning process completed successfully
